<<<<<<< HEAD
РЅРѕСЏ 10, 2016 2:48:37 PM org.apache.catalina.core.AprLifecycleListener init
INFO: The APR based Apache Tomcat Native library which allows optimal performance in production environments was not found on the java.library.path: /Users/vadimdemeshyn/Library/Java/Extensions:/Library/Java/Extensions:/Network/Library/Java/Extensions:/System/Library/Java/Extensions:/usr/lib/java:.
РЅРѕСЏ 10, 2016 2:48:38 PM org.apache.coyote.AbstractProtocol init
INFO: Initializing ProtocolHandler ["http-bio-8081"]
РЅРѕСЏ 10, 2016 2:48:38 PM org.apache.coyote.AbstractProtocol init
INFO: Initializing ProtocolHandler ["ajp-bio-8009"]
РЅРѕСЏ 10, 2016 2:48:38 PM org.apache.catalina.startup.Catalina load
INFO: Initialization processed in 871 ms
РЅРѕСЏ 10, 2016 2:48:38 PM org.apache.catalina.core.StandardService startInternal
INFO: Starting service Catalina
РЅРѕСЏ 10, 2016 2:48:38 PM org.apache.catalina.core.StandardEngine startInternal
INFO: Starting Servlet Engine: Apache Tomcat/7.0.37
РЅРѕСЏ 10, 2016 2:48:38 PM org.apache.coyote.AbstractProtocol start
INFO: Starting ProtocolHandler ["http-bio-8081"]
РЅРѕСЏ 10, 2016 2:48:38 PM org.apache.coyote.AbstractProtocol start
INFO: Starting ProtocolHandler ["ajp-bio-8009"]
РЅРѕСЏ 10, 2016 2:48:38 PM org.apache.catalina.startup.Catalina start
INFO: Server startup in 37 ms
РЅРѕСЏ 10, 2016 2:49:40 PM org.apache.catalina.core.StandardServer await
INFO: A valid shutdown command was received via the shutdown port. Stopping the Server instance.
РЅРѕСЏ 10, 2016 2:49:40 PM org.apache.coyote.AbstractProtocol pause
INFO: Pausing ProtocolHandler ["http-bio-8081"]
РЅРѕСЏ 10, 2016 2:49:41 PM org.apache.coyote.AbstractProtocol pause
INFO: Pausing ProtocolHandler ["ajp-bio-8009"]
РЅРѕСЏ 10, 2016 2:49:41 PM org.apache.catalina.core.StandardService stopInternal
INFO: Stopping service Catalina
РЅРѕСЏ 10, 2016 2:49:41 PM org.apache.coyote.AbstractProtocol stop
INFO: Stopping ProtocolHandler ["http-bio-8081"]
РЅРѕСЏ 10, 2016 2:49:41 PM org.apache.coyote.AbstractProtocol stop
INFO: Stopping ProtocolHandler ["ajp-bio-8009"]
РЅРѕСЏ 10, 2016 2:49:41 PM org.apache.coyote.AbstractProtocol destroy
INFO: Destroying ProtocolHandler ["http-bio-8081"]
РЅРѕСЏ 10, 2016 2:49:41 PM org.apache.coyote.AbstractProtocol destroy
INFO: Destroying ProtocolHandler ["ajp-bio-8009"]
РЅРѕСЏ 10, 2016 2:51:50 PM org.apache.catalina.core.AprLifecycleListener init
INFO: The APR based Apache Tomcat Native library which allows optimal performance in production environments was not found on the java.library.path: /Users/vadimdemeshyn/Library/Java/Extensions:/Library/Java/Extensions:/Network/Library/Java/Extensions:/System/Library/Java/Extensions:/usr/lib/java:.
РЅРѕСЏ 10, 2016 2:51:50 PM org.apache.coyote.AbstractProtocol init
INFO: Initializing ProtocolHandler ["http-bio-8081"]
РЅРѕСЏ 10, 2016 2:51:50 PM org.apache.coyote.AbstractProtocol init
INFO: Initializing ProtocolHandler ["ajp-bio-8009"]
РЅРѕСЏ 10, 2016 2:51:50 PM org.apache.catalina.startup.Catalina load
INFO: Initialization processed in 579 ms
РЅРѕСЏ 10, 2016 2:51:50 PM org.apache.catalina.core.StandardService startInternal
INFO: Starting service Catalina
РЅРѕСЏ 10, 2016 2:51:50 PM org.apache.catalina.core.StandardEngine startInternal
INFO: Starting Servlet Engine: Apache Tomcat/7.0.37
РЅРѕСЏ 10, 2016 2:51:50 PM org.apache.coyote.AbstractProtocol start
INFO: Starting ProtocolHandler ["http-bio-8081"]
РЅРѕСЏ 10, 2016 2:51:50 PM org.apache.coyote.AbstractProtocol start
INFO: Starting ProtocolHandler ["ajp-bio-8009"]
РЅРѕСЏ 10, 2016 2:51:50 PM org.apache.catalina.startup.Catalina start
INFO: Server startup in 33 ms
РЅРѕСЏ 10, 2016 2:52:05 PM org.apache.catalina.core.StandardServer await
WARNING: StandardServer.await: Invalid command 'GET / HTTP/1.1' received
РЅРѕСЏ 10, 2016 2:52:05 PM org.apache.catalina.core.StandardServer await
WARNING: StandardServer.await: Invalid command 'GET / HTTP/1.1' received
РЅРѕСЏ 10, 2016 2:52:05 PM org.apache.catalina.core.StandardServer await
WARNING: StandardServer.await: Invalid command 'GET / HTTP/1.1' received
РЅРѕСЏ 10, 2016 2:52:35 PM org.apache.coyote.ajp.AjpMessage processHeader
SEVERE: Invalid message received with signature 18245
РЅРѕСЏ 10, 2016 2:52:35 PM org.apache.coyote.ajp.AjpMessage processHeader
SEVERE: Invalid message received with signature 18245
РЅРѕСЏ 10, 2016 2:52:35 PM org.apache.coyote.ajp.AjpMessage processHeader
SEVERE: Invalid message received with signature 18245
РЅРѕСЏ 10, 2016 3:05:09 PM org.apache.catalina.core.StandardServer await
INFO: A valid shutdown command was received via the shutdown port. Stopping the Server instance.
РЅРѕСЏ 10, 2016 3:05:09 PM org.apache.coyote.AbstractProtocol pause
INFO: Pausing ProtocolHandler ["http-bio-8081"]
РЅРѕСЏ 10, 2016 3:05:09 PM org.apache.coyote.AbstractProtocol pause
INFO: Pausing ProtocolHandler ["ajp-bio-8009"]
РЅРѕСЏ 10, 2016 3:05:09 PM org.apache.catalina.core.StandardService stopInternal
INFO: Stopping service Catalina
РЅРѕСЏ 10, 2016 3:05:09 PM org.apache.coyote.AbstractProtocol stop
INFO: Stopping ProtocolHandler ["http-bio-8081"]
РЅРѕСЏ 10, 2016 3:05:09 PM org.apache.coyote.AbstractProtocol stop
INFO: Stopping ProtocolHandler ["ajp-bio-8009"]
РЅРѕСЏ 10, 2016 3:05:09 PM org.apache.coyote.AbstractProtocol destroy
INFO: Destroying ProtocolHandler ["http-bio-8081"]
РЅРѕСЏ 10, 2016 3:05:09 PM org.apache.coyote.AbstractProtocol destroy
INFO: Destroying ProtocolHandler ["ajp-bio-8009"]
РЅРѕСЏ 10, 2016 3:05:17 PM org.apache.catalina.core.AprLifecycleListener init
INFO: The APR based Apache Tomcat Native library which allows optimal performance in production environments was not found on the java.library.path: /Users/vadimdemeshyn/Library/Java/Extensions:/Library/Java/Extensions:/Network/Library/Java/Extensions:/System/Library/Java/Extensions:/usr/lib/java:.
РЅРѕСЏ 10, 2016 3:05:18 PM org.apache.coyote.AbstractProtocol init
INFO: Initializing ProtocolHandler ["http-bio-8081"]
РЅРѕСЏ 10, 2016 3:05:18 PM org.apache.coyote.AbstractProtocol init
INFO: Initializing ProtocolHandler ["ajp-bio-8009"]
РЅРѕСЏ 10, 2016 3:05:18 PM org.apache.catalina.startup.Catalina load
INFO: Initialization processed in 613 ms
РЅРѕСЏ 10, 2016 3:05:18 PM org.apache.catalina.core.StandardService startInternal
INFO: Starting service Catalina
РЅРѕСЏ 10, 2016 3:05:18 PM org.apache.catalina.core.StandardEngine startInternal
INFO: Starting Servlet Engine: Apache Tomcat/7.0.37
РЅРѕСЏ 10, 2016 3:05:18 PM org.apache.coyote.AbstractProtocol start
INFO: Starting ProtocolHandler ["http-bio-8081"]
РЅРѕСЏ 10, 2016 3:05:18 PM org.apache.coyote.AbstractProtocol start
INFO: Starting ProtocolHandler ["ajp-bio-8009"]
РЅРѕСЏ 10, 2016 3:05:18 PM org.apache.catalina.startup.Catalina start
INFO: Server startup in 30 ms
РЅРѕСЏ 10, 2016 3:06:48 PM org.apache.catalina.startup.HostConfig deployDirectory
INFO: Deploying web application directory /Users/vadimdemeshyn/publicproject/VertexOOPMavenProject/localTest/apache-tomcat-7.0.37/webapps/testfolder
РЅРѕСЏ 10, 2016 3:08:13 PM org.apache.catalina.core.StandardServer await
INFO: A valid shutdown command was received via the shutdown port. Stopping the Server instance.
РЅРѕСЏ 10, 2016 3:08:13 PM org.apache.coyote.AbstractProtocol pause
INFO: Pausing ProtocolHandler ["http-bio-8081"]
РЅРѕСЏ 10, 2016 3:08:13 PM org.apache.coyote.AbstractProtocol pause
INFO: Pausing ProtocolHandler ["ajp-bio-8009"]
РЅРѕСЏ 10, 2016 3:08:14 PM org.apache.catalina.core.StandardService stopInternal
INFO: Stopping service Catalina
РЅРѕСЏ 10, 2016 3:08:14 PM org.apache.coyote.AbstractProtocol stop
INFO: Stopping ProtocolHandler ["http-bio-8081"]
РЅРѕСЏ 10, 2016 3:08:14 PM org.apache.coyote.AbstractProtocol stop
INFO: Stopping ProtocolHandler ["ajp-bio-8009"]
РЅРѕСЏ 10, 2016 3:08:14 PM org.apache.coyote.AbstractProtocol destroy
INFO: Destroying ProtocolHandler ["http-bio-8081"]
РЅРѕСЏ 10, 2016 3:08:14 PM org.apache.coyote.AbstractProtocol destroy
INFO: Destroying ProtocolHandler ["ajp-bio-8009"]
РЅРѕСЏ 10, 2016 3:08:16 PM org.apache.catalina.core.AprLifecycleListener init
INFO: The APR based Apache Tomcat Native library which allows optimal performance in production environments was not found on the java.library.path: /Users/vadimdemeshyn/Library/Java/Extensions:/Library/Java/Extensions:/Network/Library/Java/Extensions:/System/Library/Java/Extensions:/usr/lib/java:.
РЅРѕСЏ 10, 2016 3:08:16 PM org.apache.coyote.AbstractProtocol init
INFO: Initializing ProtocolHandler ["http-bio-8081"]
РЅРѕСЏ 10, 2016 3:08:16 PM org.apache.coyote.AbstractProtocol init
INFO: Initializing ProtocolHandler ["ajp-bio-8009"]
РЅРѕСЏ 10, 2016 3:08:16 PM org.apache.catalina.startup.Catalina load
INFO: Initialization processed in 567 ms
РЅРѕСЏ 10, 2016 3:08:16 PM org.apache.catalina.core.StandardService startInternal
INFO: Starting service Catalina
РЅРѕСЏ 10, 2016 3:08:16 PM org.apache.catalina.core.StandardEngine startInternal
INFO: Starting Servlet Engine: Apache Tomcat/7.0.37
РЅРѕСЏ 10, 2016 3:08:16 PM org.apache.catalina.startup.HostConfig deployDirectory
INFO: Deploying web application directory /Users/vadimdemeshyn/publicproject/VertexOOPMavenProject/localTest/apache-tomcat-7.0.37/webapps/testfolder
РЅРѕСЏ 10, 2016 3:08:17 PM org.apache.coyote.AbstractProtocol start
INFO: Starting ProtocolHandler ["http-bio-8081"]
РЅРѕСЏ 10, 2016 3:08:17 PM org.apache.coyote.AbstractProtocol start
INFO: Starting ProtocolHandler ["ajp-bio-8009"]
РЅРѕСЏ 10, 2016 3:08:17 PM org.apache.catalina.startup.Catalina start
INFO: Server startup in 1115 ms
РЅРѕСЏ 10, 2016 3:09:05 PM org.apache.catalina.core.StandardServer await
INFO: A valid shutdown command was received via the shutdown port. Stopping the Server instance.
РЅРѕСЏ 10, 2016 3:09:05 PM org.apache.coyote.AbstractProtocol pause
INFO: Pausing ProtocolHandler ["http-bio-8081"]
РЅРѕСЏ 10, 2016 3:09:05 PM org.apache.coyote.AbstractProtocol pause
INFO: Pausing ProtocolHandler ["ajp-bio-8009"]
РЅРѕСЏ 10, 2016 3:09:05 PM org.apache.catalina.core.StandardService stopInternal
INFO: Stopping service Catalina
РЅРѕСЏ 10, 2016 3:09:05 PM org.apache.coyote.AbstractProtocol stop
INFO: Stopping ProtocolHandler ["http-bio-8081"]
РЅРѕСЏ 10, 2016 3:09:05 PM org.apache.coyote.AbstractProtocol stop
INFO: Stopping ProtocolHandler ["ajp-bio-8009"]
РЅРѕСЏ 10, 2016 3:09:05 PM org.apache.coyote.AbstractProtocol destroy
INFO: Destroying ProtocolHandler ["http-bio-8081"]
РЅРѕСЏ 10, 2016 3:09:05 PM org.apache.coyote.AbstractProtocol destroy
INFO: Destroying ProtocolHandler ["ajp-bio-8009"]
РЅРѕСЏ 10, 2016 3:09:07 PM org.apache.catalina.core.AprLifecycleListener init
INFO: The APR based Apache Tomcat Native library which allows optimal performance in production environments was not found on the java.library.path: /Users/vadimdemeshyn/Library/Java/Extensions:/Library/Java/Extensions:/Network/Library/Java/Extensions:/System/Library/Java/Extensions:/usr/lib/java:.
РЅРѕСЏ 10, 2016 3:09:07 PM org.apache.coyote.AbstractProtocol init
INFO: Initializing ProtocolHandler ["http-bio-8081"]
РЅРѕСЏ 10, 2016 3:09:07 PM org.apache.coyote.AbstractProtocol init
INFO: Initializing ProtocolHandler ["ajp-bio-8009"]
РЅРѕСЏ 10, 2016 3:09:07 PM org.apache.catalina.startup.Catalina load
INFO: Initialization processed in 567 ms
РЅРѕСЏ 10, 2016 3:09:07 PM org.apache.catalina.core.StandardService startInternal
INFO: Starting service Catalina
РЅРѕСЏ 10, 2016 3:09:07 PM org.apache.catalina.core.StandardEngine startInternal
INFO: Starting Servlet Engine: Apache Tomcat/7.0.37
РЅРѕСЏ 10, 2016 3:09:07 PM org.apache.catalina.startup.HostConfig deployDirectory
INFO: Deploying web application directory /Users/vadimdemeshyn/publicproject/VertexOOPMavenProject/localTest/apache-tomcat-7.0.37/webapps/testfolder
РЅРѕСЏ 10, 2016 3:09:08 PM org.apache.coyote.AbstractProtocol start
INFO: Starting ProtocolHandler ["http-bio-8081"]
РЅРѕСЏ 10, 2016 3:09:08 PM org.apache.coyote.AbstractProtocol start
INFO: Starting ProtocolHandler ["ajp-bio-8009"]
РЅРѕСЏ 10, 2016 3:09:08 PM org.apache.catalina.startup.Catalina start
INFO: Server startup in 943 ms
РЅРѕСЏ 10, 2016 3:11:14 PM org.apache.catalina.core.StandardServer await
INFO: A valid shutdown command was received via the shutdown port. Stopping the Server instance.
РЅРѕСЏ 10, 2016 3:11:14 PM org.apache.coyote.AbstractProtocol pause
INFO: Pausing ProtocolHandler ["http-bio-8081"]
РЅРѕСЏ 10, 2016 3:11:15 PM org.apache.coyote.AbstractProtocol pause
INFO: Pausing ProtocolHandler ["ajp-bio-8009"]
РЅРѕСЏ 10, 2016 3:11:15 PM org.apache.catalina.core.StandardService stopInternal
INFO: Stopping service Catalina
РЅРѕСЏ 10, 2016 3:11:15 PM org.apache.coyote.AbstractProtocol stop
INFO: Stopping ProtocolHandler ["http-bio-8081"]
РЅРѕСЏ 10, 2016 3:11:15 PM org.apache.coyote.AbstractProtocol stop
INFO: Stopping ProtocolHandler ["ajp-bio-8009"]
РЅРѕСЏ 10, 2016 3:11:15 PM org.apache.coyote.AbstractProtocol destroy
INFO: Destroying ProtocolHandler ["http-bio-8081"]
РЅРѕСЏ 10, 2016 3:11:15 PM org.apache.coyote.AbstractProtocol destroy
INFO: Destroying ProtocolHandler ["ajp-bio-8009"]
РЅРѕСЏ 10, 2016 3:11:15 PM org.apache.catalina.core.AprLifecycleListener init
INFO: The APR based Apache Tomcat Native library which allows optimal performance in production environments was not found on the java.library.path: /Users/vadimdemeshyn/Library/Java/Extensions:/Library/Java/Extensions:/Network/Library/Java/Extensions:/System/Library/Java/Extensions:/usr/lib/java:.
РЅРѕСЏ 10, 2016 3:11:15 PM org.apache.coyote.AbstractProtocol init
INFO: Initializing ProtocolHandler ["http-bio-8081"]
РЅРѕСЏ 10, 2016 3:11:15 PM org.apache.coyote.AbstractProtocol init
INFO: Initializing ProtocolHandler ["ajp-bio-8009"]
РЅРѕСЏ 10, 2016 3:11:15 PM org.apache.catalina.startup.Catalina load
INFO: Initialization processed in 567 ms
РЅРѕСЏ 10, 2016 3:11:15 PM org.apache.catalina.core.StandardService startInternal
INFO: Starting service Catalina
РЅРѕСЏ 10, 2016 3:11:15 PM org.apache.catalina.core.StandardEngine startInternal
INFO: Starting Servlet Engine: Apache Tomcat/7.0.37
РЅРѕСЏ 10, 2016 3:11:15 PM org.apache.catalina.startup.HostConfig deployDirectory
INFO: Deploying web application directory /Users/vadimdemeshyn/publicproject/VertexOOPMavenProject/localTest/apache-tomcat-7.0.37/webapps/testfolder
РЅРѕСЏ 10, 2016 3:11:16 PM org.apache.coyote.AbstractProtocol start
INFO: Starting ProtocolHandler ["http-bio-8081"]
РЅРѕСЏ 10, 2016 3:11:16 PM org.apache.coyote.AbstractProtocol start
INFO: Starting ProtocolHandler ["ajp-bio-8009"]
РЅРѕСЏ 10, 2016 3:11:16 PM org.apache.catalina.startup.Catalina start
INFO: Server startup in 789 ms
РЅРѕСЏ 10, 2016 3:12:40 PM org.apache.catalina.core.StandardServer await
INFO: A valid shutdown command was received via the shutdown port. Stopping the Server instance.
РЅРѕСЏ 10, 2016 3:12:40 PM org.apache.coyote.AbstractProtocol pause
INFO: Pausing ProtocolHandler ["http-bio-8081"]
РЅРѕСЏ 10, 2016 3:12:40 PM org.apache.coyote.AbstractProtocol pause
INFO: Pausing ProtocolHandler ["ajp-bio-8009"]
РЅРѕСЏ 10, 2016 3:12:40 PM org.apache.catalina.core.StandardService stopInternal
INFO: Stopping service Catalina
РЅРѕСЏ 10, 2016 3:12:40 PM org.apache.coyote.AbstractProtocol stop
INFO: Stopping ProtocolHandler ["http-bio-8081"]
РЅРѕСЏ 10, 2016 3:12:40 PM org.apache.coyote.AbstractProtocol stop
INFO: Stopping ProtocolHandler ["ajp-bio-8009"]
РЅРѕСЏ 10, 2016 3:12:40 PM org.apache.coyote.AbstractProtocol destroy
INFO: Destroying ProtocolHandler ["http-bio-8081"]
РЅРѕСЏ 10, 2016 3:12:40 PM org.apache.coyote.AbstractProtocol destroy
INFO: Destroying ProtocolHandler ["ajp-bio-8009"]
РЅРѕСЏ 10, 2016 3:12:40 PM org.apache.catalina.core.AprLifecycleListener init
INFO: The APR based Apache Tomcat Native library which allows optimal performance in production environments was not found on the java.library.path: /Users/vadimdemeshyn/Library/Java/Extensions:/Library/Java/Extensions:/Network/Library/Java/Extensions:/System/Library/Java/Extensions:/usr/lib/java:.
РЅРѕСЏ 10, 2016 3:12:41 PM org.apache.coyote.AbstractProtocol init
INFO: Initializing ProtocolHandler ["http-bio-8081"]
РЅРѕСЏ 10, 2016 3:12:41 PM org.apache.coyote.AbstractProtocol init
INFO: Initializing ProtocolHandler ["ajp-bio-8009"]
РЅРѕСЏ 10, 2016 3:12:41 PM org.apache.catalina.startup.Catalina load
INFO: Initialization processed in 563 ms
РЅРѕСЏ 10, 2016 3:12:41 PM org.apache.catalina.core.StandardService startInternal
INFO: Starting service Catalina
РЅРѕСЏ 10, 2016 3:12:41 PM org.apache.catalina.core.StandardEngine startInternal
INFO: Starting Servlet Engine: Apache Tomcat/7.0.37
РЅРѕСЏ 10, 2016 3:12:41 PM org.apache.catalina.startup.HostConfig deployDirectory
INFO: Deploying web application directory /Users/vadimdemeshyn/publicproject/VertexOOPMavenProject/localTest/apache-tomcat-7.0.37/webapps/testfolder
РЅРѕСЏ 10, 2016 3:12:41 PM org.apache.coyote.AbstractProtocol start
INFO: Starting ProtocolHandler ["http-bio-8081"]
РЅРѕСЏ 10, 2016 3:12:41 PM org.apache.coyote.AbstractProtocol start
INFO: Starting ProtocolHandler ["ajp-bio-8009"]
РЅРѕСЏ 10, 2016 3:12:41 PM org.apache.catalina.startup.Catalina start
INFO: Server startup in 760 ms
РЅРѕСЏ 10, 2016 3:14:16 PM org.apache.catalina.core.StandardServer await
INFO: A valid shutdown command was received via the shutdown port. Stopping the Server instance.
РЅРѕСЏ 10, 2016 3:14:16 PM org.apache.coyote.AbstractProtocol pause
INFO: Pausing ProtocolHandler ["http-bio-8081"]
РЅРѕСЏ 10, 2016 3:14:16 PM org.apache.coyote.AbstractProtocol pause
INFO: Pausing ProtocolHandler ["ajp-bio-8009"]
РЅРѕСЏ 10, 2016 3:14:16 PM org.apache.catalina.core.StandardService stopInternal
INFO: Stopping service Catalina
РЅРѕСЏ 10, 2016 3:14:16 PM org.apache.coyote.AbstractProtocol stop
INFO: Stopping ProtocolHandler ["http-bio-8081"]
РЅРѕСЏ 10, 2016 3:14:16 PM org.apache.coyote.AbstractProtocol stop
INFO: Stopping ProtocolHandler ["ajp-bio-8009"]
РЅРѕСЏ 10, 2016 3:14:16 PM org.apache.coyote.AbstractProtocol destroy
INFO: Destroying ProtocolHandler ["http-bio-8081"]
РЅРѕСЏ 10, 2016 3:14:16 PM org.apache.coyote.AbstractProtocol destroy
INFO: Destroying ProtocolHandler ["ajp-bio-8009"]
РЅРѕСЏ 10, 2016 3:14:16 PM org.apache.catalina.core.AprLifecycleListener init
INFO: The APR based Apache Tomcat Native library which allows optimal performance in production environments was not found on the java.library.path: /Users/vadimdemeshyn/Library/Java/Extensions:/Library/Java/Extensions:/Network/Library/Java/Extensions:/System/Library/Java/Extensions:/usr/lib/java:.
РЅРѕСЏ 10, 2016 3:14:16 PM org.apache.coyote.AbstractProtocol init
INFO: Initializing ProtocolHandler ["http-bio-8081"]
РЅРѕСЏ 10, 2016 3:14:16 PM org.apache.coyote.AbstractProtocol init
INFO: Initializing ProtocolHandler ["ajp-bio-8009"]
РЅРѕСЏ 10, 2016 3:14:16 PM org.apache.catalina.startup.Catalina load
INFO: Initialization processed in 602 ms
РЅРѕСЏ 10, 2016 3:14:16 PM org.apache.catalina.core.StandardService startInternal
INFO: Starting service Catalina
РЅРѕСЏ 10, 2016 3:14:16 PM org.apache.catalina.core.StandardEngine startInternal
INFO: Starting Servlet Engine: Apache Tomcat/7.0.37
РЅРѕСЏ 10, 2016 3:14:16 PM org.apache.catalina.startup.HostConfig deployDirectory
INFO: Deploying web application directory /Users/vadimdemeshyn/publicproject/VertexOOPMavenProject/localTest/apache-tomcat-7.0.37/webapps/testfolder
РЅРѕСЏ 10, 2016 3:14:17 PM org.apache.coyote.AbstractProtocol start
INFO: Starting ProtocolHandler ["http-bio-8081"]
РЅРѕСЏ 10, 2016 3:14:17 PM org.apache.coyote.AbstractProtocol start
INFO: Starting ProtocolHandler ["ajp-bio-8009"]
РЅРѕСЏ 10, 2016 3:14:17 PM org.apache.catalina.startup.Catalina start
INFO: Server startup in 903 ms
=======
лист. 10, 2016 8:10:53 PM org.apache.catalina.core.AprLifecycleListener init
INFO: Loaded APR based Apache Tomcat Native library 1.1.27 using APR version 1.4.6.
лист. 10, 2016 8:10:53 PM org.apache.catalina.core.AprLifecycleListener init
INFO: APR capabilities: IPv6 [true], sendfile [true], accept filters [false], random [true].
лист. 10, 2016 8:10:54 PM org.apache.catalina.core.AprLifecycleListener initializeSSL
INFO: OpenSSL successfully initialized (OpenSSL 1.0.1d 5 Feb 2013)
лист. 10, 2016 8:10:54 PM org.apache.coyote.AbstractProtocol init
INFO: Initializing ProtocolHandler ["http-apr-8081"]
лист. 10, 2016 8:10:54 PM org.apache.coyote.AbstractProtocol init
INFO: Initializing ProtocolHandler ["ajp-apr-8009"]
лист. 10, 2016 8:10:54 PM org.apache.catalina.startup.Catalina load
INFO: Initialization processed in 1837 ms
лист. 10, 2016 8:10:54 PM org.apache.catalina.core.StandardService startInternal
INFO: Starting service Catalina
лист. 10, 2016 8:10:54 PM org.apache.catalina.core.StandardEngine startInternal
INFO: Starting Servlet Engine: Apache Tomcat/7.0.37
лист. 10, 2016 8:10:54 PM org.apache.catalina.startup.HostConfig deployDirectory
INFO: Deploying web application directory C:\Users\Tanya\IdeaProjects\VertexOOPMavenProject\localTest\apache-tomcat-7.0.37\webapps\ROOT
лист. 10, 2016 8:10:56 PM org.apache.coyote.AbstractProtocol start
INFO: Starting ProtocolHandler ["http-apr-8081"]
лист. 10, 2016 8:10:56 PM org.apache.coyote.AbstractProtocol start
INFO: Starting ProtocolHandler ["ajp-apr-8009"]
лист. 10, 2016 8:10:56 PM org.apache.catalina.startup.Catalina start
INFO: Server startup in 1834 ms
лист. 10, 2016 8:11:46 PM org.apache.catalina.startup.HostConfig checkResources
INFO: Reloading context []
лист. 10, 2016 8:11:46 PM org.apache.catalina.core.StandardContext reload
INFO: Reloading Context with name [] has started
лист. 10, 2016 8:11:47 PM org.apache.catalina.core.StandardContext reload
INFO: Reloading Context with name [] is completed
лист. 10, 2016 8:11:55 PM org.apache.catalina.core.StandardServer await
INFO: A valid shutdown command was received via the shutdown port. Stopping the Server instance.
лист. 10, 2016 8:11:55 PM org.apache.coyote.AbstractProtocol pause
INFO: Pausing ProtocolHandler ["http-apr-8081"]
лист. 10, 2016 8:11:55 PM org.apache.coyote.AbstractProtocol pause
INFO: Pausing ProtocolHandler ["ajp-apr-8009"]
лист. 10, 2016 8:11:55 PM org.apache.catalina.core.StandardService stopInternal
INFO: Stopping service Catalina
лист. 10, 2016 8:11:55 PM org.apache.coyote.AbstractProtocol stop
INFO: Stopping ProtocolHandler ["http-apr-8081"]
лист. 10, 2016 8:11:55 PM org.apache.coyote.AbstractProtocol stop
INFO: Stopping ProtocolHandler ["ajp-apr-8009"]
лист. 10, 2016 8:11:55 PM org.apache.coyote.AbstractProtocol destroy
INFO: Destroying ProtocolHandler ["http-apr-8081"]
лист. 10, 2016 8:11:55 PM org.apache.coyote.AbstractProtocol destroy
INFO: Destroying ProtocolHandler ["ajp-apr-8009"]
лист. 10, 2016 8:12:27 PM org.apache.catalina.core.AprLifecycleListener init
INFO: Loaded APR based Apache Tomcat Native library 1.1.27 using APR version 1.4.6.
лист. 10, 2016 8:12:27 PM org.apache.catalina.core.AprLifecycleListener init
INFO: APR capabilities: IPv6 [true], sendfile [true], accept filters [false], random [true].
лист. 10, 2016 8:12:28 PM org.apache.catalina.core.AprLifecycleListener initializeSSL
INFO: OpenSSL successfully initialized (OpenSSL 1.0.1d 5 Feb 2013)
лист. 10, 2016 8:12:28 PM org.apache.coyote.AbstractProtocol init
INFO: Initializing ProtocolHandler ["http-apr-8081"]
лист. 10, 2016 8:12:29 PM org.apache.coyote.AbstractProtocol init
INFO: Initializing ProtocolHandler ["ajp-apr-8009"]
лист. 10, 2016 8:12:29 PM org.apache.catalina.startup.Catalina load
INFO: Initialization processed in 1782 ms
лист. 10, 2016 8:12:29 PM org.apache.catalina.core.StandardService startInternal
INFO: Starting service Catalina
лист. 10, 2016 8:12:29 PM org.apache.catalina.core.StandardEngine startInternal
INFO: Starting Servlet Engine: Apache Tomcat/7.0.37
лист. 10, 2016 8:12:29 PM org.apache.catalina.startup.HostConfig deployDirectory
INFO: Deploying web application directory C:\Users\Tanya\IdeaProjects\VertexOOPMavenProject\localTest\apache-tomcat-7.0.37\webapps\ROOT
лист. 10, 2016 8:12:30 PM org.apache.coyote.AbstractProtocol start
INFO: Starting ProtocolHandler ["http-apr-8081"]
лист. 10, 2016 8:12:30 PM org.apache.coyote.AbstractProtocol start
INFO: Starting ProtocolHandler ["ajp-apr-8009"]
лист. 10, 2016 8:12:30 PM org.apache.catalina.startup.Catalina start
INFO: Server startup in 1836 ms
лист. 10, 2016 8:14:53 PM org.apache.catalina.core.StandardServer await
INFO: A valid shutdown command was received via the shutdown port. Stopping the Server instance.
лист. 10, 2016 8:14:53 PM org.apache.coyote.AbstractProtocol pause
INFO: Pausing ProtocolHandler ["http-apr-8081"]
лист. 10, 2016 8:14:53 PM org.apache.coyote.AbstractProtocol pause
INFO: Pausing ProtocolHandler ["ajp-apr-8009"]
лист. 10, 2016 8:14:53 PM org.apache.catalina.core.StandardService stopInternal
INFO: Stopping service Catalina
лист. 10, 2016 8:14:53 PM org.apache.coyote.AbstractProtocol stop
INFO: Stopping ProtocolHandler ["http-apr-8081"]
лист. 10, 2016 8:14:53 PM org.apache.coyote.AbstractProtocol stop
INFO: Stopping ProtocolHandler ["ajp-apr-8009"]
лист. 10, 2016 8:14:53 PM org.apache.coyote.AbstractProtocol destroy
INFO: Destroying ProtocolHandler ["http-apr-8081"]
лист. 10, 2016 8:14:53 PM org.apache.coyote.AbstractProtocol destroy
INFO: Destroying ProtocolHandler ["ajp-apr-8009"]
лист. 10, 2016 8:15:37 PM org.apache.catalina.core.AprLifecycleListener init
INFO: Loaded APR based Apache Tomcat Native library 1.1.27 using APR version 1.4.6.
лист. 10, 2016 8:15:37 PM org.apache.catalina.core.AprLifecycleListener init
INFO: APR capabilities: IPv6 [true], sendfile [true], accept filters [false], random [true].
лист. 10, 2016 8:15:38 PM org.apache.catalina.core.AprLifecycleListener initializeSSL
INFO: OpenSSL successfully initialized (OpenSSL 1.0.1d 5 Feb 2013)
лист. 10, 2016 8:15:38 PM org.apache.coyote.AbstractProtocol init
INFO: Initializing ProtocolHandler ["http-apr-8081"]
лист. 10, 2016 8:15:38 PM org.apache.coyote.AbstractProtocol init
INFO: Initializing ProtocolHandler ["ajp-apr-8009"]
лист. 10, 2016 8:15:38 PM org.apache.catalina.startup.Catalina load
INFO: Initialization processed in 1817 ms
лист. 10, 2016 8:15:38 PM org.apache.catalina.core.StandardService startInternal
INFO: Starting service Catalina
лист. 10, 2016 8:15:38 PM org.apache.catalina.core.StandardEngine startInternal
INFO: Starting Servlet Engine: Apache Tomcat/7.0.37
лист. 10, 2016 8:15:38 PM org.apache.catalina.startup.HostConfig deployDirectory
INFO: Deploying web application directory C:\Users\Tanya\IdeaProjects\VertexOOPMavenProject\localTest\apache-tomcat-7.0.37\webapps\ROOT
лист. 10, 2016 8:15:41 PM org.apache.coyote.AbstractProtocol start
INFO: Starting ProtocolHandler ["http-apr-8081"]
лист. 10, 2016 8:15:41 PM org.apache.coyote.AbstractProtocol start
INFO: Starting ProtocolHandler ["ajp-apr-8009"]
лист. 10, 2016 8:15:41 PM org.apache.catalina.startup.Catalina start
INFO: Server startup in 2222 ms
лист. 10, 2016 8:18:11 PM org.apache.catalina.core.AprLifecycleListener init
INFO: Loaded APR based Apache Tomcat Native library 1.1.27 using APR version 1.4.6.
лист. 10, 2016 8:18:11 PM org.apache.catalina.core.AprLifecycleListener init
INFO: APR capabilities: IPv6 [true], sendfile [true], accept filters [false], random [true].
лист. 10, 2016 8:18:12 PM org.apache.catalina.core.AprLifecycleListener initializeSSL
INFO: OpenSSL successfully initialized (OpenSSL 1.0.1d 5 Feb 2013)
лист. 10, 2016 8:18:12 PM org.apache.coyote.AbstractProtocol init
INFO: Initializing ProtocolHandler ["http-apr-8081"]
лист. 10, 2016 8:18:12 PM org.apache.coyote.AbstractProtocol init
INFO: Initializing ProtocolHandler ["ajp-apr-8009"]
лист. 10, 2016 8:18:12 PM org.apache.catalina.startup.Catalina load
INFO: Initialization processed in 1824 ms
лист. 10, 2016 8:18:12 PM org.apache.catalina.core.StandardService startInternal
INFO: Starting service Catalina
лист. 10, 2016 8:18:12 PM org.apache.catalina.core.StandardEngine startInternal
INFO: Starting Servlet Engine: Apache Tomcat/7.0.37
лист. 10, 2016 8:18:12 PM org.apache.catalina.startup.HostConfig deployDirectory
INFO: Deploying web application directory C:\Users\Tanya\IdeaProjects\VertexOOPMavenProject\localTest\apache-tomcat-7.0.37\webapps\ROOT
лист. 10, 2016 8:18:14 PM org.apache.coyote.AbstractProtocol start
INFO: Starting ProtocolHandler ["http-apr-8081"]
лист. 10, 2016 8:18:14 PM org.apache.coyote.AbstractProtocol start
INFO: Starting ProtocolHandler ["ajp-apr-8009"]
лист. 10, 2016 8:18:14 PM org.apache.catalina.startup.Catalina start
INFO: Server startup in 1829 ms
лист. 10, 2016 8:18:53 PM org.apache.catalina.core.StandardServer await
INFO: A valid shutdown command was received via the shutdown port. Stopping the Server instance.
лист. 10, 2016 8:18:53 PM org.apache.coyote.AbstractProtocol pause
INFO: Pausing ProtocolHandler ["http-apr-8081"]
лист. 10, 2016 8:18:53 PM org.apache.coyote.AbstractProtocol pause
INFO: Pausing ProtocolHandler ["ajp-apr-8009"]
лист. 10, 2016 8:18:53 PM org.apache.catalina.core.StandardService stopInternal
INFO: Stopping service Catalina
лист. 10, 2016 8:18:53 PM org.apache.coyote.AbstractProtocol stop
INFO: Stopping ProtocolHandler ["http-apr-8081"]
лист. 10, 2016 8:18:53 PM org.apache.coyote.AbstractProtocol stop
INFO: Stopping ProtocolHandler ["ajp-apr-8009"]
лист. 10, 2016 8:18:53 PM org.apache.coyote.AbstractProtocol destroy
INFO: Destroying ProtocolHandler ["http-apr-8081"]
лист. 10, 2016 8:18:53 PM org.apache.coyote.AbstractProtocol destroy
INFO: Destroying ProtocolHandler ["ajp-apr-8009"]
лист. 10, 2016 8:19:01 PM org.apache.catalina.core.AprLifecycleListener init
INFO: Loaded APR based Apache Tomcat Native library 1.1.27 using APR version 1.4.6.
лист. 10, 2016 8:19:01 PM org.apache.catalina.core.AprLifecycleListener init
INFO: APR capabilities: IPv6 [true], sendfile [true], accept filters [false], random [true].
лист. 10, 2016 8:19:03 PM org.apache.catalina.core.AprLifecycleListener initializeSSL
INFO: OpenSSL successfully initialized (OpenSSL 1.0.1d 5 Feb 2013)
лист. 10, 2016 8:19:03 PM org.apache.coyote.AbstractProtocol init
INFO: Initializing ProtocolHandler ["http-apr-8081"]
лист. 10, 2016 8:19:03 PM org.apache.coyote.AbstractProtocol init
INFO: Initializing ProtocolHandler ["ajp-apr-8009"]
лист. 10, 2016 8:19:03 PM org.apache.catalina.startup.Catalina load
INFO: Initialization processed in 1855 ms
лист. 10, 2016 8:19:03 PM org.apache.catalina.core.StandardService startInternal
INFO: Starting service Catalina
лист. 10, 2016 8:19:03 PM org.apache.catalina.core.StandardEngine startInternal
INFO: Starting Servlet Engine: Apache Tomcat/7.0.37
лист. 10, 2016 8:19:03 PM org.apache.catalina.startup.HostConfig deployDirectory
INFO: Deploying web application directory C:\Users\Tanya\IdeaProjects\VertexOOPMavenProject\localTest\apache-tomcat-7.0.37\webapps\ROOT
лист. 10, 2016 8:19:05 PM org.apache.coyote.AbstractProtocol start
INFO: Starting ProtocolHandler ["http-apr-8081"]
лист. 10, 2016 8:19:05 PM org.apache.coyote.AbstractProtocol start
INFO: Starting ProtocolHandler ["ajp-apr-8009"]
лист. 10, 2016 8:19:05 PM org.apache.catalina.startup.Catalina start
INFO: Server startup in 1853 ms
лист. 10, 2016 8:19:23 PM org.apache.catalina.core.StandardServer await
INFO: A valid shutdown command was received via the shutdown port. Stopping the Server instance.
лист. 10, 2016 8:19:23 PM org.apache.coyote.AbstractProtocol pause
INFO: Pausing ProtocolHandler ["http-apr-8081"]
лист. 10, 2016 8:19:23 PM org.apache.coyote.AbstractProtocol pause
INFO: Pausing ProtocolHandler ["ajp-apr-8009"]
лист. 10, 2016 8:19:23 PM org.apache.catalina.core.StandardService stopInternal
INFO: Stopping service Catalina
лист. 10, 2016 8:19:23 PM org.apache.coyote.AbstractProtocol stop
INFO: Stopping ProtocolHandler ["http-apr-8081"]
лист. 10, 2016 8:19:24 PM org.apache.coyote.AbstractProtocol stop
INFO: Stopping ProtocolHandler ["ajp-apr-8009"]
лист. 10, 2016 8:19:24 PM org.apache.coyote.AbstractProtocol destroy
INFO: Destroying ProtocolHandler ["http-apr-8081"]
лист. 10, 2016 8:19:24 PM org.apache.coyote.AbstractProtocol destroy
INFO: Destroying ProtocolHandler ["ajp-apr-8009"]
лист. 10, 2016 8:19:31 PM org.apache.catalina.core.AprLifecycleListener init
INFO: Loaded APR based Apache Tomcat Native library 1.1.27 using APR version 1.4.6.
лист. 10, 2016 8:19:31 PM org.apache.catalina.core.AprLifecycleListener init
INFO: APR capabilities: IPv6 [true], sendfile [true], accept filters [false], random [true].
лист. 10, 2016 8:19:33 PM org.apache.catalina.core.AprLifecycleListener initializeSSL
INFO: OpenSSL successfully initialized (OpenSSL 1.0.1d 5 Feb 2013)
лист. 10, 2016 8:19:33 PM org.apache.coyote.AbstractProtocol init
INFO: Initializing ProtocolHandler ["http-apr-8081"]
лист. 10, 2016 8:19:33 PM org.apache.coyote.AbstractProtocol init
INFO: Initializing ProtocolHandler ["ajp-apr-8009"]
лист. 10, 2016 8:19:33 PM org.apache.catalina.startup.Catalina load
INFO: Initialization processed in 1787 ms
лист. 10, 2016 8:19:33 PM org.apache.catalina.core.StandardService startInternal
INFO: Starting service Catalina
лист. 10, 2016 8:19:33 PM org.apache.catalina.core.StandardEngine startInternal
INFO: Starting Servlet Engine: Apache Tomcat/7.0.37
лист. 10, 2016 8:19:33 PM org.apache.catalina.startup.HostConfig deployDirectory
INFO: Deploying web application directory C:\Users\Tanya\IdeaProjects\VertexOOPMavenProject\localTest\apache-tomcat-7.0.37\webapps\ROOT
лист. 10, 2016 8:19:35 PM org.apache.coyote.AbstractProtocol start
INFO: Starting ProtocolHandler ["http-apr-8081"]
лист. 10, 2016 8:19:35 PM org.apache.coyote.AbstractProtocol start
INFO: Starting ProtocolHandler ["ajp-apr-8009"]
лист. 10, 2016 8:19:35 PM org.apache.catalina.startup.Catalina start
INFO: Server startup in 1923 ms
лист. 10, 2016 8:20:32 PM org.apache.catalina.core.AprLifecycleListener init
INFO: Loaded APR based Apache Tomcat Native library 1.1.27 using APR version 1.4.6.
лист. 10, 2016 8:20:32 PM org.apache.catalina.core.AprLifecycleListener init
INFO: APR capabilities: IPv6 [true], sendfile [true], accept filters [false], random [true].
лист. 10, 2016 8:20:33 PM org.apache.catalina.core.AprLifecycleListener initializeSSL
INFO: OpenSSL successfully initialized (OpenSSL 1.0.1d 5 Feb 2013)
лист. 10, 2016 8:20:33 PM org.apache.coyote.AbstractProtocol init
INFO: Initializing ProtocolHandler ["http-apr-8081"]
лист. 10, 2016 8:20:33 PM org.apache.coyote.AbstractProtocol init
INFO: Initializing ProtocolHandler ["ajp-apr-8009"]
лист. 10, 2016 8:20:33 PM org.apache.catalina.startup.Catalina load
INFO: Initialization processed in 1789 ms
лист. 10, 2016 8:20:33 PM org.apache.catalina.core.StandardService startInternal
INFO: Starting service Catalina
лист. 10, 2016 8:20:33 PM org.apache.catalina.core.StandardEngine startInternal
INFO: Starting Servlet Engine: Apache Tomcat/7.0.37
лист. 10, 2016 8:20:33 PM org.apache.catalina.startup.HostConfig deployDirectory
INFO: Deploying web application directory C:\Users\Tanya\IdeaProjects\VertexOOPMavenProject\localTest\apache-tomcat-7.0.37\webapps\ROOT
лист. 10, 2016 8:20:35 PM org.apache.coyote.AbstractProtocol start
INFO: Starting ProtocolHandler ["http-apr-8081"]
лист. 10, 2016 8:20:35 PM org.apache.coyote.AbstractProtocol start
INFO: Starting ProtocolHandler ["ajp-apr-8009"]
лист. 10, 2016 8:20:35 PM org.apache.catalina.startup.Catalina start
INFO: Server startup in 1868 ms
лист. 10, 2016 8:29:01 PM org.apache.catalina.core.AprLifecycleListener init
INFO: Loaded APR based Apache Tomcat Native library 1.1.27 using APR version 1.4.6.
лист. 10, 2016 8:29:01 PM org.apache.catalina.core.AprLifecycleListener init
INFO: APR capabilities: IPv6 [true], sendfile [true], accept filters [false], random [true].
лист. 10, 2016 8:29:02 PM org.apache.catalina.core.AprLifecycleListener initializeSSL
INFO: OpenSSL successfully initialized (OpenSSL 1.0.1d 5 Feb 2013)
лист. 10, 2016 8:29:02 PM org.apache.coyote.AbstractProtocol init
INFO: Initializing ProtocolHandler ["http-apr-8081"]
лист. 10, 2016 8:29:03 PM org.apache.coyote.AbstractProtocol init
INFO: Initializing ProtocolHandler ["ajp-apr-8009"]
лист. 10, 2016 8:29:03 PM org.apache.catalina.startup.Catalina load
INFO: Initialization processed in 1882 ms
лист. 10, 2016 8:29:03 PM org.apache.catalina.core.StandardService startInternal
INFO: Starting service Catalina
лист. 10, 2016 8:29:03 PM org.apache.catalina.core.StandardEngine startInternal
INFO: Starting Servlet Engine: Apache Tomcat/7.0.37
лист. 10, 2016 8:29:03 PM org.apache.catalina.startup.HostConfig deployDirectory
INFO: Deploying web application directory C:\Users\Tanya\IdeaProjects\VertexOOPMavenProject\localTest\apache-tomcat-7.0.37\webapps\ROOT
лист. 10, 2016 8:29:04 PM org.apache.coyote.AbstractProtocol start
INFO: Starting ProtocolHandler ["http-apr-8081"]
лист. 10, 2016 8:29:04 PM org.apache.coyote.AbstractProtocol start
INFO: Starting ProtocolHandler ["ajp-apr-8009"]
лист. 10, 2016 8:29:04 PM org.apache.catalina.startup.Catalina start
INFO: Server startup in 1921 ms
лист. 10, 2016 8:32:54 PM org.apache.catalina.startup.HostConfig checkResources
INFO: Reloading context []
лист. 10, 2016 8:32:54 PM org.apache.catalina.core.StandardContext reload
INFO: Reloading Context with name [] has started
лист. 10, 2016 8:32:56 PM org.apache.catalina.core.StandardContext reload
INFO: Reloading Context with name [] is completed
лист. 10, 2016 8:33:49 PM org.apache.catalina.core.AprLifecycleListener init
INFO: Loaded APR based Apache Tomcat Native library 1.1.27 using APR version 1.4.6.
лист. 10, 2016 8:33:49 PM org.apache.catalina.core.AprLifecycleListener init
INFO: APR capabilities: IPv6 [true], sendfile [true], accept filters [false], random [true].
лист. 10, 2016 8:33:51 PM org.apache.catalina.core.AprLifecycleListener initializeSSL
INFO: OpenSSL successfully initialized (OpenSSL 1.0.1d 5 Feb 2013)
лист. 10, 2016 8:33:51 PM org.apache.coyote.AbstractProtocol init
INFO: Initializing ProtocolHandler ["http-apr-8081"]
лист. 10, 2016 8:33:51 PM org.apache.coyote.AbstractProtocol init
INFO: Initializing ProtocolHandler ["ajp-apr-8009"]
лист. 10, 2016 8:33:51 PM org.apache.catalina.startup.Catalina load
INFO: Initialization processed in 2185 ms
лист. 10, 2016 8:33:51 PM org.apache.catalina.core.StandardService startInternal
INFO: Starting service Catalina
лист. 10, 2016 8:33:51 PM org.apache.catalina.core.StandardEngine startInternal
INFO: Starting Servlet Engine: Apache Tomcat/7.0.37
лист. 10, 2016 8:33:51 PM org.apache.catalina.startup.HostConfig deployDirectory
INFO: Deploying web application directory C:\Users\Tanya\IdeaProjects\VertexOOPMavenProject\localTest\apache-tomcat-7.0.37\webapps\ROOT
лист. 10, 2016 8:33:53 PM org.apache.catalina.util.SessionIdGenerator createSecureRandom
INFO: Creation of SecureRandom instance for session ID generation using [SHA1PRNG] took [138] milliseconds.
лист. 10, 2016 8:33:53 PM org.apache.coyote.AbstractProtocol start
INFO: Starting ProtocolHandler ["http-apr-8081"]
лист. 10, 2016 8:33:53 PM org.apache.coyote.AbstractProtocol start
INFO: Starting ProtocolHandler ["ajp-apr-8009"]
лист. 10, 2016 8:33:53 PM org.apache.catalina.startup.Catalina start
INFO: Server startup in 2177 ms
>>>>>>> 65b1bdcc07d8fd2d24ee7436805035b75c58f647
