ноя 16, 2016 5:48:25 PM org.apache.catalina.core.AprLifecycleListener init
INFO: The APR based Apache Tomcat Native library which allows optimal performance in production environments was not found on the java.library.path: /Users/vadimdemeshyn/Library/Java/Extensions:/Library/Java/Extensions:/Network/Library/Java/Extensions:/System/Library/Java/Extensions:/usr/lib/java:.
ноя 16, 2016 5:48:25 PM org.apache.coyote.AbstractProtocol init
INFO: Initializing ProtocolHandler ["http-bio-8081"]
ноя 16, 2016 5:48:25 PM org.apache.coyote.AbstractProtocol init
INFO: Initializing ProtocolHandler ["ajp-bio-8009"]
ноя 16, 2016 5:48:25 PM org.apache.catalina.startup.Catalina load
INFO: Initialization processed in 616 ms
ноя 16, 2016 5:48:25 PM org.apache.catalina.core.StandardService startInternal
INFO: Starting service Catalina
ноя 16, 2016 5:48:25 PM org.apache.catalina.core.StandardEngine startInternal
INFO: Starting Servlet Engine: Apache Tomcat/7.0.37
ноя 16, 2016 5:48:25 PM org.apache.catalina.startup.HostConfig deployWAR
INFO: Deploying web application archive /Users/vadimdemeshyn/publicproject/VertexOOPMavenProject/web/tomcat/apache-tomcat-7.0.37/webapps/servlet-test.war
ноя 16, 2016 5:48:26 PM org.apache.catalina.startup.HostConfig deployDirectory
INFO: Deploying web application directory /Users/vadimdemeshyn/publicproject/VertexOOPMavenProject/web/tomcat/apache-tomcat-7.0.37/webapps/ROOT
ноя 16, 2016 5:48:27 PM org.apache.catalina.startup.HostConfig deployDirectory
INFO: Deploying web application directory /Users/vadimdemeshyn/publicproject/VertexOOPMavenProject/web/tomcat/apache-tomcat-7.0.37/webapps/testfolder
ноя 16, 2016 5:48:27 PM org.apache.coyote.AbstractProtocol start
INFO: Starting ProtocolHandler ["http-bio-8081"]
ноя 16, 2016 5:48:27 PM org.apache.coyote.AbstractProtocol start
INFO: Starting ProtocolHandler ["ajp-bio-8009"]
ноя 16, 2016 5:48:27 PM org.apache.catalina.startup.Catalina start
INFO: Server startup in 1992 ms
ноя 16, 2016 5:49:44 PM org.apache.catalina.core.StandardServer await
INFO: A valid shutdown command was received via the shutdown port. Stopping the Server instance.
ноя 16, 2016 5:49:44 PM org.apache.coyote.AbstractProtocol pause
INFO: Pausing ProtocolHandler ["http-bio-8081"]
ноя 16, 2016 5:49:44 PM org.apache.coyote.AbstractProtocol pause
INFO: Pausing ProtocolHandler ["ajp-bio-8009"]
ноя 16, 2016 5:49:45 PM org.apache.catalina.core.StandardService stopInternal
INFO: Stopping service Catalina
ноя 16, 2016 5:49:45 PM org.apache.coyote.AbstractProtocol stop
INFO: Stopping ProtocolHandler ["http-bio-8081"]
ноя 16, 2016 5:49:45 PM org.apache.coyote.AbstractProtocol stop
INFO: Stopping ProtocolHandler ["ajp-bio-8009"]
ноя 16, 2016 5:49:45 PM org.apache.coyote.AbstractProtocol destroy
INFO: Destroying ProtocolHandler ["http-bio-8081"]
ноя 16, 2016 5:49:45 PM org.apache.coyote.AbstractProtocol destroy
INFO: Destroying ProtocolHandler ["ajp-bio-8009"]
ноя 16, 2016 5:51:28 PM org.apache.catalina.core.AprLifecycleListener init
INFO: The APR based Apache Tomcat Native library which allows optimal performance in production environments was not found on the java.library.path: /Users/vadimdemeshyn/Library/Java/Extensions:/Library/Java/Extensions:/Network/Library/Java/Extensions:/System/Library/Java/Extensions:/usr/lib/java:.
ноя 16, 2016 5:51:28 PM org.apache.coyote.AbstractProtocol init
INFO: Initializing ProtocolHandler ["http-bio-8081"]
ноя 16, 2016 5:51:28 PM org.apache.coyote.AbstractProtocol init
INFO: Initializing ProtocolHandler ["ajp-bio-8009"]
ноя 16, 2016 5:51:28 PM org.apache.catalina.startup.Catalina load
INFO: Initialization processed in 590 ms
ноя 16, 2016 5:51:28 PM org.apache.catalina.core.StandardService startInternal
INFO: Starting service Catalina
ноя 16, 2016 5:51:28 PM org.apache.catalina.core.StandardEngine startInternal
INFO: Starting Servlet Engine: Apache Tomcat/7.0.37
ноя 16, 2016 5:51:28 PM org.apache.catalina.startup.HostConfig deployDirectory
INFO: Deploying web application directory /Users/vadimdemeshyn/publicproject/VertexOOPMavenProject/web/tomcat/apache-tomcat-7.0.37/webapps/ROOT
ноя 16, 2016 5:51:29 PM org.apache.catalina.startup.HostConfig deployDirectory
INFO: Deploying web application directory /Users/vadimdemeshyn/publicproject/VertexOOPMavenProject/web/tomcat/apache-tomcat-7.0.37/webapps/servlet-test
ноя 16, 2016 5:51:30 PM org.apache.catalina.startup.HostConfig deployDirectory
INFO: Deploying web application directory /Users/vadimdemeshyn/publicproject/VertexOOPMavenProject/web/tomcat/apache-tomcat-7.0.37/webapps/testfolder
ноя 16, 2016 5:51:30 PM org.apache.coyote.AbstractProtocol start
INFO: Starting ProtocolHandler ["http-bio-8081"]
ноя 16, 2016 5:51:30 PM org.apache.coyote.AbstractProtocol start
INFO: Starting ProtocolHandler ["ajp-bio-8009"]
ноя 16, 2016 5:51:30 PM org.apache.catalina.startup.Catalina start
INFO: Server startup in 2051 ms
ноя 16, 2016 5:55:18 PM org.apache.catalina.core.StandardServer await
INFO: A valid shutdown command was received via the shutdown port. Stopping the Server instance.
ноя 16, 2016 5:55:18 PM org.apache.coyote.AbstractProtocol pause
INFO: Pausing ProtocolHandler ["http-bio-8081"]
ноя 16, 2016 5:55:18 PM org.apache.coyote.AbstractProtocol pause
INFO: Pausing ProtocolHandler ["ajp-bio-8009"]
ноя 16, 2016 5:55:18 PM org.apache.catalina.core.StandardService stopInternal
INFO: Stopping service Catalina
ноя 16, 2016 5:55:18 PM org.apache.coyote.AbstractProtocol stop
INFO: Stopping ProtocolHandler ["http-bio-8081"]
ноя 16, 2016 5:55:18 PM org.apache.coyote.AbstractProtocol stop
INFO: Stopping ProtocolHandler ["ajp-bio-8009"]
ноя 16, 2016 5:55:18 PM org.apache.coyote.AbstractProtocol destroy
INFO: Destroying ProtocolHandler ["http-bio-8081"]
ноя 16, 2016 5:55:18 PM org.apache.coyote.AbstractProtocol destroy
INFO: Destroying ProtocolHandler ["ajp-bio-8009"]
ноя 16, 2016 5:55:18 PM org.apache.catalina.core.AprLifecycleListener init
INFO: The APR based Apache Tomcat Native library which allows optimal performance in production environments was not found on the java.library.path: /Users/vadimdemeshyn/Library/Java/Extensions:/Library/Java/Extensions:/Network/Library/Java/Extensions:/System/Library/Java/Extensions:/usr/lib/java:.
ноя 16, 2016 5:55:19 PM org.apache.coyote.AbstractProtocol init
INFO: Initializing ProtocolHandler ["http-bio-8081"]
ноя 16, 2016 5:55:19 PM org.apache.coyote.AbstractProtocol init
INFO: Initializing ProtocolHandler ["ajp-bio-8009"]
ноя 16, 2016 5:55:19 PM org.apache.catalina.startup.Catalina load
INFO: Initialization processed in 594 ms
ноя 16, 2016 5:55:19 PM org.apache.catalina.core.StandardService startInternal
INFO: Starting service Catalina
ноя 16, 2016 5:55:19 PM org.apache.catalina.core.StandardEngine startInternal
INFO: Starting Servlet Engine: Apache Tomcat/7.0.37
ноя 16, 2016 5:55:19 PM org.apache.catalina.startup.HostConfig deployDirectory
INFO: Deploying web application directory /Users/vadimdemeshyn/publicproject/VertexOOPMavenProject/web/tomcat/apache-tomcat-7.0.37/webapps/ROOT
ноя 16, 2016 5:55:20 PM org.apache.catalina.startup.HostConfig deployDirectory
INFO: Deploying web application directory /Users/vadimdemeshyn/publicproject/VertexOOPMavenProject/web/tomcat/apache-tomcat-7.0.37/webapps/servlet-test
ноя 16, 2016 5:55:20 PM org.apache.catalina.startup.HostConfig deployDirectory
INFO: Deploying web application directory /Users/vadimdemeshyn/publicproject/VertexOOPMavenProject/web/tomcat/apache-tomcat-7.0.37/webapps/testfolder
ноя 16, 2016 5:55:21 PM org.apache.coyote.AbstractProtocol start
INFO: Starting ProtocolHandler ["http-bio-8081"]
ноя 16, 2016 5:55:21 PM org.apache.coyote.AbstractProtocol start
INFO: Starting ProtocolHandler ["ajp-bio-8009"]
ноя 16, 2016 5:55:21 PM org.apache.catalina.startup.Catalina start
INFO: Server startup in 1951 ms
ноя 16, 2016 6:02:26 PM org.apache.catalina.core.StandardServer await
INFO: A valid shutdown command was received via the shutdown port. Stopping the Server instance.
ноя 16, 2016 6:02:26 PM org.apache.coyote.AbstractProtocol pause
INFO: Pausing ProtocolHandler ["http-bio-8081"]
ноя 16, 2016 6:02:26 PM org.apache.coyote.AbstractProtocol pause
INFO: Pausing ProtocolHandler ["ajp-bio-8009"]
ноя 16, 2016 6:02:27 PM org.apache.catalina.core.StandardService stopInternal
INFO: Stopping service Catalina
ноя 16, 2016 6:02:27 PM org.apache.coyote.AbstractProtocol stop
INFO: Stopping ProtocolHandler ["http-bio-8081"]
ноя 16, 2016 6:02:27 PM org.apache.coyote.AbstractProtocol stop
INFO: Stopping ProtocolHandler ["ajp-bio-8009"]
ноя 16, 2016 6:02:27 PM org.apache.coyote.AbstractProtocol destroy
INFO: Destroying ProtocolHandler ["http-bio-8081"]
ноя 16, 2016 6:02:27 PM org.apache.coyote.AbstractProtocol destroy
INFO: Destroying ProtocolHandler ["ajp-bio-8009"]
ноя 16, 2016 6:02:27 PM org.apache.catalina.core.AprLifecycleListener init
INFO: The APR based Apache Tomcat Native library which allows optimal performance in production environments was not found on the java.library.path: /Users/vadimdemeshyn/Library/Java/Extensions:/Library/Java/Extensions:/Network/Library/Java/Extensions:/System/Library/Java/Extensions:/usr/lib/java:.
ноя 16, 2016 6:02:27 PM org.apache.coyote.AbstractProtocol init
INFO: Initializing ProtocolHandler ["http-bio-8081"]
ноя 16, 2016 6:02:27 PM org.apache.coyote.AbstractProtocol init
INFO: Initializing ProtocolHandler ["ajp-bio-8009"]
ноя 16, 2016 6:02:27 PM org.apache.catalina.startup.Catalina load
INFO: Initialization processed in 593 ms
ноя 16, 2016 6:02:27 PM org.apache.catalina.core.StandardService startInternal
INFO: Starting service Catalina
ноя 16, 2016 6:02:27 PM org.apache.catalina.core.StandardEngine startInternal
INFO: Starting Servlet Engine: Apache Tomcat/7.0.37
ноя 16, 2016 6:02:27 PM org.apache.catalina.startup.HostConfig deployWAR
INFO: Deploying web application archive /Users/vadimdemeshyn/publicproject/VertexOOPMavenProject/web/tomcat/apache-tomcat-7.0.37/webapps/servlet-test.war
ноя 16, 2016 6:02:28 PM org.apache.catalina.startup.HostConfig deployDirectory
INFO: Deploying web application directory /Users/vadimdemeshyn/publicproject/VertexOOPMavenProject/web/tomcat/apache-tomcat-7.0.37/webapps/ROOT
ноя 16, 2016 6:02:29 PM org.apache.catalina.startup.HostConfig deployDirectory
INFO: Deploying web application directory /Users/vadimdemeshyn/publicproject/VertexOOPMavenProject/web/tomcat/apache-tomcat-7.0.37/webapps/testfolder
ноя 16, 2016 6:02:29 PM org.apache.coyote.AbstractProtocol start
INFO: Starting ProtocolHandler ["http-bio-8081"]
ноя 16, 2016 6:02:29 PM org.apache.coyote.AbstractProtocol start
INFO: Starting ProtocolHandler ["ajp-bio-8009"]
ноя 16, 2016 6:02:29 PM org.apache.catalina.startup.Catalina start
INFO: Server startup in 1868 ms
ноя 16, 2016 6:03:18 PM org.apache.catalina.core.StandardServer await
INFO: A valid shutdown command was received via the shutdown port. Stopping the Server instance.
ноя 16, 2016 6:03:18 PM org.apache.coyote.AbstractProtocol pause
INFO: Pausing ProtocolHandler ["http-bio-8081"]
ноя 16, 2016 6:03:18 PM org.apache.coyote.AbstractProtocol pause
INFO: Pausing ProtocolHandler ["ajp-bio-8009"]
ноя 16, 2016 6:03:18 PM org.apache.catalina.core.StandardService stopInternal
INFO: Stopping service Catalina
ноя 16, 2016 6:03:18 PM org.apache.coyote.AbstractProtocol stop
INFO: Stopping ProtocolHandler ["http-bio-8081"]
ноя 16, 2016 6:03:18 PM org.apache.coyote.AbstractProtocol stop
INFO: Stopping ProtocolHandler ["ajp-bio-8009"]
ноя 16, 2016 6:03:18 PM org.apache.coyote.AbstractProtocol destroy
INFO: Destroying ProtocolHandler ["http-bio-8081"]
ноя 16, 2016 6:03:18 PM org.apache.coyote.AbstractProtocol destroy
INFO: Destroying ProtocolHandler ["ajp-bio-8009"]
ноя 16, 2016 6:03:19 PM org.apache.catalina.core.AprLifecycleListener init
INFO: The APR based Apache Tomcat Native library which allows optimal performance in production environments was not found on the java.library.path: /Users/vadimdemeshyn/Library/Java/Extensions:/Library/Java/Extensions:/Network/Library/Java/Extensions:/System/Library/Java/Extensions:/usr/lib/java:.
ноя 16, 2016 6:03:19 PM org.apache.coyote.AbstractProtocol init
INFO: Initializing ProtocolHandler ["http-bio-8081"]
ноя 16, 2016 6:03:19 PM org.apache.coyote.AbstractProtocol init
INFO: Initializing ProtocolHandler ["ajp-bio-8009"]
ноя 16, 2016 6:03:19 PM org.apache.catalina.startup.Catalina load
INFO: Initialization processed in 591 ms
ноя 16, 2016 6:03:19 PM org.apache.catalina.core.StandardService startInternal
INFO: Starting service Catalina
ноя 16, 2016 6:03:19 PM org.apache.catalina.core.StandardEngine startInternal
INFO: Starting Servlet Engine: Apache Tomcat/7.0.37
ноя 16, 2016 6:03:19 PM org.apache.catalina.startup.HostConfig deployWAR
INFO: Deploying web application archive /Users/vadimdemeshyn/publicproject/VertexOOPMavenProject/web/tomcat/apache-tomcat-7.0.37/webapps/servlet-test.war
ноя 16, 2016 6:03:20 PM org.apache.catalina.startup.HostConfig deployDirectory
INFO: Deploying web application directory /Users/vadimdemeshyn/publicproject/VertexOOPMavenProject/web/tomcat/apache-tomcat-7.0.37/webapps/ROOT
ноя 16, 2016 6:03:20 PM org.apache.catalina.startup.HostConfig deployDirectory
INFO: Deploying web application directory /Users/vadimdemeshyn/publicproject/VertexOOPMavenProject/web/tomcat/apache-tomcat-7.0.37/webapps/testfolder
ноя 16, 2016 6:03:21 PM org.apache.coyote.AbstractProtocol start
INFO: Starting ProtocolHandler ["http-bio-8081"]
ноя 16, 2016 6:03:21 PM org.apache.coyote.AbstractProtocol start
INFO: Starting ProtocolHandler ["ajp-bio-8009"]
ноя 16, 2016 6:03:21 PM org.apache.catalina.startup.Catalina start
INFO: Server startup in 1898 ms
ноя 16, 2016 6:03:32 PM org.apache.catalina.startup.HostConfig deleteRedeployResources
INFO: Undeploying context [/servlet-test]
ноя 16, 2016 6:03:32 PM org.apache.catalina.startup.HostConfig deployWAR
INFO: Deploying web application archive /Users/vadimdemeshyn/publicproject/VertexOOPMavenProject/web/tomcat/apache-tomcat-7.0.37/webapps/servlet-test.war
ноя 16, 2016 6:03:32 PM org.apache.catalina.loader.WebappClassLoader validateJarFile
INFO: validateJarFile(/Users/vadimdemeshyn/publicproject/VertexOOPMavenProject/web/tomcat/apache-tomcat-7.0.37/webapps/servlet-test/WEB-INF/lib/servlet-api-2.5.jar) - jar not loaded. See Servlet Spec 2.3, section 9.7.2. Offending class: javax/servlet/Servlet.class
ноя 16, 2016 6:05:03 PM org.apache.catalina.startup.HostConfig deleteRedeployResources
INFO: Undeploying context [/servlet-test]
ноя 16, 2016 6:05:13 PM org.apache.catalina.startup.HostConfig deployWAR
INFO: Deploying web application archive /Users/vadimdemeshyn/publicproject/VertexOOPMavenProject/web/tomcat/apache-tomcat-7.0.37/webapps/servlet-test.war
ноя 16, 2016 6:05:13 PM org.apache.catalina.loader.WebappClassLoader validateJarFile
INFO: validateJarFile(/Users/vadimdemeshyn/publicproject/VertexOOPMavenProject/web/tomcat/apache-tomcat-7.0.37/webapps/servlet-test/WEB-INF/lib/servlet-api-2.5.jar) - jar not loaded. See Servlet Spec 2.3, section 9.7.2. Offending class: javax/servlet/Servlet.class
ноя 16, 2016 6:05:24 PM org.apache.catalina.startup.HostConfig deleteRedeployResources
INFO: Undeploying context [/servlet-test]
ноя 16, 2016 6:05:28 PM org.apache.catalina.core.StandardServer await
INFO: A valid shutdown command was received via the shutdown port. Stopping the Server instance.
ноя 16, 2016 6:05:28 PM org.apache.coyote.AbstractProtocol pause
INFO: Pausing ProtocolHandler ["http-bio-8081"]
ноя 16, 2016 6:05:28 PM org.apache.coyote.AbstractProtocol pause
INFO: Pausing ProtocolHandler ["ajp-bio-8009"]
ноя 16, 2016 6:05:28 PM org.apache.catalina.core.StandardService stopInternal
INFO: Stopping service Catalina
ноя 16, 2016 6:05:28 PM org.apache.coyote.AbstractProtocol stop
INFO: Stopping ProtocolHandler ["http-bio-8081"]
ноя 16, 2016 6:05:28 PM org.apache.coyote.AbstractProtocol stop
INFO: Stopping ProtocolHandler ["ajp-bio-8009"]
ноя 16, 2016 6:05:28 PM org.apache.coyote.AbstractProtocol destroy
INFO: Destroying ProtocolHandler ["http-bio-8081"]
ноя 16, 2016 6:05:28 PM org.apache.coyote.AbstractProtocol destroy
INFO: Destroying ProtocolHandler ["ajp-bio-8009"]
ноя 16, 2016 6:05:28 PM org.apache.catalina.core.AprLifecycleListener init
INFO: The APR based Apache Tomcat Native library which allows optimal performance in production environments was not found on the java.library.path: /Users/vadimdemeshyn/Library/Java/Extensions:/Library/Java/Extensions:/Network/Library/Java/Extensions:/System/Library/Java/Extensions:/usr/lib/java:.
ноя 16, 2016 6:05:29 PM org.apache.coyote.AbstractProtocol init
INFO: Initializing ProtocolHandler ["http-bio-8081"]
ноя 16, 2016 6:05:29 PM org.apache.coyote.AbstractProtocol init
INFO: Initializing ProtocolHandler ["ajp-bio-8009"]
ноя 16, 2016 6:05:29 PM org.apache.catalina.startup.Catalina load
INFO: Initialization processed in 613 ms
ноя 16, 2016 6:05:29 PM org.apache.catalina.core.StandardService startInternal
INFO: Starting service Catalina
ноя 16, 2016 6:05:29 PM org.apache.catalina.core.StandardEngine startInternal
INFO: Starting Servlet Engine: Apache Tomcat/7.0.37
ноя 16, 2016 6:05:29 PM org.apache.catalina.startup.HostConfig deployDirectory
INFO: Deploying web application directory /Users/vadimdemeshyn/publicproject/VertexOOPMavenProject/web/tomcat/apache-tomcat-7.0.37/webapps/ROOT
ноя 16, 2016 6:05:29 PM org.apache.catalina.startup.HostConfig deployDirectory
INFO: Deploying web application directory /Users/vadimdemeshyn/publicproject/VertexOOPMavenProject/web/tomcat/apache-tomcat-7.0.37/webapps/testfolder
ноя 16, 2016 6:05:30 PM org.apache.coyote.AbstractProtocol start
INFO: Starting ProtocolHandler ["http-bio-8081"]
ноя 16, 2016 6:05:30 PM org.apache.coyote.AbstractProtocol start
INFO: Starting ProtocolHandler ["ajp-bio-8009"]
ноя 16, 2016 6:05:30 PM org.apache.catalina.startup.Catalina start
INFO: Server startup in 1306 ms
ноя 16, 2016 6:07:50 PM org.apache.catalina.startup.HostConfig checkResources
INFO: Reloading context []
ноя 16, 2016 6:07:50 PM org.apache.catalina.core.StandardContext reload
INFO: Reloading Context with name [] has started
ноя 16, 2016 6:07:51 PM org.apache.catalina.core.StandardContext reload
INFO: Reloading Context with name [] is completed
ноя 16, 2016 6:09:11 PM org.apache.catalina.startup.HostConfig deployWAR
INFO: Deploying web application archive /Users/vadimdemeshyn/publicproject/VertexOOPMavenProject/web/tomcat/apache-tomcat-7.0.37/webapps/servlet-test.war
ноя 16, 2016 6:09:11 PM org.apache.catalina.loader.WebappClassLoader validateJarFile
INFO: validateJarFile(/Users/vadimdemeshyn/publicproject/VertexOOPMavenProject/web/tomcat/apache-tomcat-7.0.37/webapps/servlet-test/WEB-INF/lib/servlet-api-2.5.jar) - jar not loaded. See Servlet Spec 2.3, section 9.7.2. Offending class: javax/servlet/Servlet.class
ноя 16, 2016 6:09:13 PM org.apache.catalina.core.StandardServer await
INFO: A valid shutdown command was received via the shutdown port. Stopping the Server instance.
ноя 16, 2016 6:09:13 PM org.apache.coyote.AbstractProtocol pause
INFO: Pausing ProtocolHandler ["http-bio-8081"]
ноя 16, 2016 6:09:13 PM org.apache.coyote.AbstractProtocol pause
INFO: Pausing ProtocolHandler ["ajp-bio-8009"]
ноя 16, 2016 6:09:13 PM org.apache.catalina.core.StandardService stopInternal
INFO: Stopping service Catalina
ноя 16, 2016 6:09:13 PM org.apache.coyote.AbstractProtocol stop
INFO: Stopping ProtocolHandler ["http-bio-8081"]
ноя 16, 2016 6:09:13 PM org.apache.coyote.AbstractProtocol stop
INFO: Stopping ProtocolHandler ["ajp-bio-8009"]
ноя 16, 2016 6:09:13 PM org.apache.coyote.AbstractProtocol destroy
INFO: Destroying ProtocolHandler ["http-bio-8081"]
ноя 16, 2016 6:09:13 PM org.apache.coyote.AbstractProtocol destroy
INFO: Destroying ProtocolHandler ["ajp-bio-8009"]
ноя 16, 2016 6:09:14 PM org.apache.catalina.core.AprLifecycleListener init
INFO: The APR based Apache Tomcat Native library which allows optimal performance in production environments was not found on the java.library.path: /Users/vadimdemeshyn/Library/Java/Extensions:/Library/Java/Extensions:/Network/Library/Java/Extensions:/System/Library/Java/Extensions:/usr/lib/java:.
ноя 16, 2016 6:09:14 PM org.apache.coyote.AbstractProtocol init
INFO: Initializing ProtocolHandler ["http-bio-8081"]
ноя 16, 2016 6:09:14 PM org.apache.coyote.AbstractProtocol init
INFO: Initializing ProtocolHandler ["ajp-bio-8009"]
ноя 16, 2016 6:09:14 PM org.apache.catalina.startup.Catalina load
INFO: Initialization processed in 597 ms
ноя 16, 2016 6:09:14 PM org.apache.catalina.core.StandardService startInternal
INFO: Starting service Catalina
ноя 16, 2016 6:09:14 PM org.apache.catalina.core.StandardEngine startInternal
INFO: Starting Servlet Engine: Apache Tomcat/7.0.37
ноя 16, 2016 6:09:14 PM org.apache.catalina.startup.HostConfig deployWAR
INFO: Deploying web application archive /Users/vadimdemeshyn/publicproject/VertexOOPMavenProject/web/tomcat/apache-tomcat-7.0.37/webapps/servlet-test.war
ноя 16, 2016 6:09:14 PM org.apache.catalina.loader.WebappClassLoader validateJarFile
INFO: validateJarFile(/Users/vadimdemeshyn/publicproject/VertexOOPMavenProject/web/tomcat/apache-tomcat-7.0.37/webapps/servlet-test/WEB-INF/lib/servlet-api-2.5.jar) - jar not loaded. See Servlet Spec 2.3, section 9.7.2. Offending class: javax/servlet/Servlet.class
ноя 16, 2016 6:09:15 PM org.apache.catalina.startup.HostConfig deployDirectory
INFO: Deploying web application directory /Users/vadimdemeshyn/publicproject/VertexOOPMavenProject/web/tomcat/apache-tomcat-7.0.37/webapps/ROOT
ноя 16, 2016 6:09:16 PM org.apache.catalina.startup.HostConfig deployDirectory
INFO: Deploying web application directory /Users/vadimdemeshyn/publicproject/VertexOOPMavenProject/web/tomcat/apache-tomcat-7.0.37/webapps/testfolder
ноя 16, 2016 6:09:16 PM org.apache.coyote.AbstractProtocol start
INFO: Starting ProtocolHandler ["http-bio-8081"]
ноя 16, 2016 6:09:16 PM org.apache.coyote.AbstractProtocol start
INFO: Starting ProtocolHandler ["ajp-bio-8009"]
ноя 16, 2016 6:09:16 PM org.apache.catalina.startup.Catalina start
INFO: Server startup in 2121 ms
ноя 16, 2016 6:14:37 PM org.apache.catalina.startup.HostConfig deleteRedeployResources
INFO: Undeploying context [/servlet-test]
ноя 16, 2016 6:15:17 PM org.apache.catalina.startup.HostConfig deployWAR
INFO: Deploying web application archive /Users/vadimdemeshyn/publicproject/VertexOOPMavenProject/web/tomcat/apache-tomcat-7.0.37/webapps/servlet-test.war
ноя 16, 2016 6:15:17 PM org.apache.catalina.startup.ContextConfig init
SEVERE: Exception fixing docBase for context [/servlet-test]
java.util.zip.ZipException: zip file is empty
	at java.util.zip.ZipFile.open(Native Method)
	at java.util.zip.ZipFile.<init>(ZipFile.java:219)
	at java.util.zip.ZipFile.<init>(ZipFile.java:149)
	at java.util.jar.JarFile.<init>(JarFile.java:166)
	at java.util.jar.JarFile.<init>(JarFile.java:103)
	at sun.net.www.protocol.jar.URLJarFile.<init>(URLJarFile.java:93)
	at sun.net.www.protocol.jar.URLJarFile.getJarFile(URLJarFile.java:69)
	at sun.net.www.protocol.jar.JarFileFactory.get(JarFileFactory.java:99)
	at sun.net.www.protocol.jar.JarURLConnection.connect(JarURLConnection.java:122)
	at sun.net.www.protocol.jar.JarURLConnection.getJarFile(JarURLConnection.java:89)
	at org.apache.catalina.startup.ExpandWar.expand(ExpandWar.java:113)
	at org.apache.catalina.startup.ContextConfig.fixDocBase(ContextConfig.java:720)
	at org.apache.catalina.startup.ContextConfig.init(ContextConfig.java:843)
	at org.apache.catalina.startup.ContextConfig.lifecycleEvent(ContextConfig.java:387)
	at org.apache.catalina.util.LifecycleSupport.fireLifecycleEvent(LifecycleSupport.java:119)
	at org.apache.catalina.util.LifecycleBase.fireLifecycleEvent(LifecycleBase.java:90)
	at org.apache.catalina.util.LifecycleBase.setStateInternal(LifecycleBase.java:402)
	at org.apache.catalina.util.LifecycleBase.init(LifecycleBase.java:110)
	at org.apache.catalina.util.LifecycleBase.start(LifecycleBase.java:139)
	at org.apache.catalina.core.ContainerBase.addChildInternal(ContainerBase.java:901)
	at org.apache.catalina.core.ContainerBase.addChild(ContainerBase.java:877)
	at org.apache.catalina.core.StandardHost.addChild(StandardHost.java:633)
	at org.apache.catalina.startup.HostConfig.deployWAR(HostConfig.java:977)
	at org.apache.catalina.startup.HostConfig$DeployWar.run(HostConfig.java:1655)
	at java.util.concurrent.Executors$RunnableAdapter.call(Executors.java:511)
	at java.util.concurrent.FutureTask.run(FutureTask.java:266)
	at java.util.concurrent.ThreadPoolExecutor.runWorker(ThreadPoolExecutor.java:1142)
	at java.util.concurrent.ThreadPoolExecutor$Worker.run(ThreadPoolExecutor.java:617)
	at java.lang.Thread.run(Thread.java:745)

ноя 16, 2016 6:15:17 PM org.apache.catalina.core.StandardContext resourcesStart
SEVERE: Error starting static Resources
java.lang.IllegalArgumentException: Invalid or unreadable WAR file : zip file is empty
	at org.apache.naming.resources.WARDirContext.setDocBase(WARDirContext.java:138)
	at org.apache.catalina.core.StandardContext.resourcesStart(StandardContext.java:4912)
	at org.apache.catalina.core.StandardContext.startInternal(StandardContext.java:5092)
	at org.apache.catalina.util.LifecycleBase.start(LifecycleBase.java:150)
	at org.apache.catalina.core.ContainerBase.addChildInternal(ContainerBase.java:901)
	at org.apache.catalina.core.ContainerBase.addChild(ContainerBase.java:877)
	at org.apache.catalina.core.StandardHost.addChild(StandardHost.java:633)
	at org.apache.catalina.startup.HostConfig.deployWAR(HostConfig.java:977)
	at org.apache.catalina.startup.HostConfig$DeployWar.run(HostConfig.java:1655)
	at java.util.concurrent.Executors$RunnableAdapter.call(Executors.java:511)
	at java.util.concurrent.FutureTask.run(FutureTask.java:266)
	at java.util.concurrent.ThreadPoolExecutor.runWorker(ThreadPoolExecutor.java:1142)
	at java.util.concurrent.ThreadPoolExecutor$Worker.run(ThreadPoolExecutor.java:617)
	at java.lang.Thread.run(Thread.java:745)

ноя 16, 2016 6:15:17 PM org.apache.catalina.core.StandardContext startInternal
SEVERE: Error in resourceStart()
ноя 16, 2016 6:15:17 PM org.apache.catalina.core.StandardContext startInternal
SEVERE: Error getConfigured
ноя 16, 2016 6:15:17 PM org.apache.catalina.core.StandardContext startInternal
SEVERE: Context [/servlet-test] startup failed due to previous errors
ноя 16, 2016 6:18:47 PM org.apache.catalina.startup.HostConfig deleteRedeployResources
INFO: Undeploying context [/servlet-test]
ноя 16, 2016 6:19:06 PM org.apache.catalina.core.StandardServer await
INFO: A valid shutdown command was received via the shutdown port. Stopping the Server instance.
ноя 16, 2016 6:19:06 PM org.apache.coyote.AbstractProtocol pause
INFO: Pausing ProtocolHandler ["http-bio-8081"]
ноя 16, 2016 6:19:06 PM org.apache.coyote.AbstractProtocol pause
INFO: Pausing ProtocolHandler ["ajp-bio-8009"]
ноя 16, 2016 6:19:06 PM org.apache.catalina.core.StandardService stopInternal
INFO: Stopping service Catalina
ноя 16, 2016 6:19:06 PM org.apache.coyote.AbstractProtocol stop
INFO: Stopping ProtocolHandler ["http-bio-8081"]
ноя 16, 2016 6:19:06 PM org.apache.coyote.AbstractProtocol stop
INFO: Stopping ProtocolHandler ["ajp-bio-8009"]
ноя 16, 2016 6:19:06 PM org.apache.coyote.AbstractProtocol destroy
INFO: Destroying ProtocolHandler ["http-bio-8081"]
ноя 16, 2016 6:19:06 PM org.apache.coyote.AbstractProtocol destroy
INFO: Destroying ProtocolHandler ["ajp-bio-8009"]
ноя 16, 2016 6:19:06 PM org.apache.catalina.core.AprLifecycleListener init
INFO: The APR based Apache Tomcat Native library which allows optimal performance in production environments was not found on the java.library.path: /Users/vadimdemeshyn/Library/Java/Extensions:/Library/Java/Extensions:/Network/Library/Java/Extensions:/System/Library/Java/Extensions:/usr/lib/java:.
ноя 16, 2016 6:19:07 PM org.apache.coyote.AbstractProtocol init
INFO: Initializing ProtocolHandler ["http-bio-8081"]
ноя 16, 2016 6:19:07 PM org.apache.coyote.AbstractProtocol init
INFO: Initializing ProtocolHandler ["ajp-bio-8009"]
ноя 16, 2016 6:19:07 PM org.apache.catalina.startup.Catalina load
INFO: Initialization processed in 584 ms
ноя 16, 2016 6:19:07 PM org.apache.catalina.core.StandardService startInternal
INFO: Starting service Catalina
ноя 16, 2016 6:19:07 PM org.apache.catalina.core.StandardEngine startInternal
INFO: Starting Servlet Engine: Apache Tomcat/7.0.37
ноя 16, 2016 6:19:07 PM org.apache.catalina.startup.HostConfig deployWAR
INFO: Deploying web application archive /Users/vadimdemeshyn/publicproject/VertexOOPMavenProject/web/tomcat/apache-tomcat-7.0.37/webapps/servlet-test.war
ноя 16, 2016 6:19:07 PM org.apache.catalina.loader.WebappClassLoader validateJarFile
INFO: validateJarFile(/Users/vadimdemeshyn/publicproject/VertexOOPMavenProject/web/tomcat/apache-tomcat-7.0.37/webapps/servlet-test/WEB-INF/lib/servlet-api-2.5.jar) - jar not loaded. See Servlet Spec 2.3, section 9.7.2. Offending class: javax/servlet/Servlet.class
ноя 16, 2016 6:19:08 PM org.apache.catalina.startup.HostConfig deployDirectory
INFO: Deploying web application directory /Users/vadimdemeshyn/publicproject/VertexOOPMavenProject/web/tomcat/apache-tomcat-7.0.37/webapps/ROOT
ноя 16, 2016 6:19:08 PM org.apache.catalina.startup.HostConfig deployDirectory
INFO: Deploying web application directory /Users/vadimdemeshyn/publicproject/VertexOOPMavenProject/web/tomcat/apache-tomcat-7.0.37/webapps/testfolder
ноя 16, 2016 6:19:09 PM org.apache.coyote.AbstractProtocol start
INFO: Starting ProtocolHandler ["http-bio-8081"]
ноя 16, 2016 6:19:09 PM org.apache.coyote.AbstractProtocol start
INFO: Starting ProtocolHandler ["ajp-bio-8009"]
ноя 16, 2016 6:19:09 PM org.apache.catalina.startup.Catalina start
INFO: Server startup in 2059 ms
ноя 16, 2016 6:19:39 PM org.apache.catalina.core.StandardServer await
INFO: A valid shutdown command was received via the shutdown port. Stopping the Server instance.
ноя 16, 2016 6:19:39 PM org.apache.coyote.AbstractProtocol pause
INFO: Pausing ProtocolHandler ["http-bio-8081"]
ноя 16, 2016 6:19:39 PM org.apache.coyote.AbstractProtocol pause
INFO: Pausing ProtocolHandler ["ajp-bio-8009"]
ноя 16, 2016 6:19:39 PM org.apache.catalina.core.StandardService stopInternal
INFO: Stopping service Catalina
ноя 16, 2016 6:19:39 PM org.apache.coyote.AbstractProtocol stop
INFO: Stopping ProtocolHandler ["http-bio-8081"]
ноя 16, 2016 6:19:39 PM org.apache.coyote.AbstractProtocol stop
INFO: Stopping ProtocolHandler ["ajp-bio-8009"]
ноя 16, 2016 6:19:39 PM org.apache.coyote.AbstractProtocol destroy
INFO: Destroying ProtocolHandler ["http-bio-8081"]
ноя 16, 2016 6:19:39 PM org.apache.coyote.AbstractProtocol destroy
INFO: Destroying ProtocolHandler ["ajp-bio-8009"]
ноя 16, 2016 6:19:39 PM org.apache.catalina.core.AprLifecycleListener init
INFO: The APR based Apache Tomcat Native library which allows optimal performance in production environments was not found on the java.library.path: /Users/vadimdemeshyn/Library/Java/Extensions:/Library/Java/Extensions:/Network/Library/Java/Extensions:/System/Library/Java/Extensions:/usr/lib/java:.
ноя 16, 2016 6:19:40 PM org.apache.coyote.AbstractProtocol init
INFO: Initializing ProtocolHandler ["http-bio-8081"]
ноя 16, 2016 6:19:40 PM org.apache.coyote.AbstractProtocol init
INFO: Initializing ProtocolHandler ["ajp-bio-8009"]
ноя 16, 2016 6:19:40 PM org.apache.catalina.startup.Catalina load
INFO: Initialization processed in 630 ms
ноя 16, 2016 6:19:40 PM org.apache.catalina.core.StandardService startInternal
INFO: Starting service Catalina
ноя 16, 2016 6:19:40 PM org.apache.catalina.core.StandardEngine startInternal
INFO: Starting Servlet Engine: Apache Tomcat/7.0.37
ноя 16, 2016 6:19:40 PM org.apache.catalina.startup.HostConfig deployDirectory
INFO: Deploying web application directory /Users/vadimdemeshyn/publicproject/VertexOOPMavenProject/web/tomcat/apache-tomcat-7.0.37/webapps/ROOT
ноя 16, 2016 6:19:41 PM org.apache.catalina.startup.HostConfig deployDirectory
INFO: Deploying web application directory /Users/vadimdemeshyn/publicproject/VertexOOPMavenProject/web/tomcat/apache-tomcat-7.0.37/webapps/servlet-test
ноя 16, 2016 6:19:41 PM org.apache.catalina.loader.WebappClassLoader validateJarFile
INFO: validateJarFile(/Users/vadimdemeshyn/publicproject/VertexOOPMavenProject/web/tomcat/apache-tomcat-7.0.37/webapps/servlet-test/WEB-INF/lib/servlet-api-2.5.jar) - jar not loaded. See Servlet Spec 2.3, section 9.7.2. Offending class: javax/servlet/Servlet.class
ноя 16, 2016 6:19:41 PM org.apache.catalina.startup.HostConfig deployDirectory
INFO: Deploying web application directory /Users/vadimdemeshyn/publicproject/VertexOOPMavenProject/web/tomcat/apache-tomcat-7.0.37/webapps/testfolder
ноя 16, 2016 6:19:42 PM org.apache.coyote.AbstractProtocol start
INFO: Starting ProtocolHandler ["http-bio-8081"]
ноя 16, 2016 6:19:42 PM org.apache.coyote.AbstractProtocol start
INFO: Starting ProtocolHandler ["ajp-bio-8009"]
ноя 16, 2016 6:19:42 PM org.apache.catalina.startup.Catalina start
INFO: Server startup in 1900 ms
ноя 16, 2016 6:19:52 PM org.apache.catalina.startup.HostConfig deleteRedeployResources
INFO: Undeploying context [/servlet-test]
ноя 16, 2016 6:19:55 PM org.apache.catalina.core.StandardServer await
INFO: A valid shutdown command was received via the shutdown port. Stopping the Server instance.
ноя 16, 2016 6:19:55 PM org.apache.coyote.AbstractProtocol pause
INFO: Pausing ProtocolHandler ["http-bio-8081"]
ноя 16, 2016 6:19:55 PM org.apache.coyote.AbstractProtocol pause
INFO: Pausing ProtocolHandler ["ajp-bio-8009"]
ноя 16, 2016 6:19:55 PM org.apache.catalina.core.StandardService stopInternal
INFO: Stopping service Catalina
ноя 16, 2016 6:19:55 PM org.apache.coyote.AbstractProtocol stop
INFO: Stopping ProtocolHandler ["http-bio-8081"]
ноя 16, 2016 6:19:55 PM org.apache.coyote.AbstractProtocol stop
INFO: Stopping ProtocolHandler ["ajp-bio-8009"]
ноя 16, 2016 6:19:55 PM org.apache.coyote.AbstractProtocol destroy
INFO: Destroying ProtocolHandler ["http-bio-8081"]
ноя 16, 2016 6:19:55 PM org.apache.coyote.AbstractProtocol destroy
INFO: Destroying ProtocolHandler ["ajp-bio-8009"]
ноя 16, 2016 6:19:55 PM org.apache.catalina.core.AprLifecycleListener init
INFO: The APR based Apache Tomcat Native library which allows optimal performance in production environments was not found on the java.library.path: /Users/vadimdemeshyn/Library/Java/Extensions:/Library/Java/Extensions:/Network/Library/Java/Extensions:/System/Library/Java/Extensions:/usr/lib/java:.
ноя 16, 2016 6:19:56 PM org.apache.coyote.AbstractProtocol init
INFO: Initializing ProtocolHandler ["http-bio-8081"]
ноя 16, 2016 6:19:56 PM org.apache.coyote.AbstractProtocol init
INFO: Initializing ProtocolHandler ["ajp-bio-8009"]
ноя 16, 2016 6:19:56 PM org.apache.catalina.startup.Catalina load
INFO: Initialization processed in 564 ms
ноя 16, 2016 6:19:56 PM org.apache.catalina.core.StandardService startInternal
INFO: Starting service Catalina
ноя 16, 2016 6:19:56 PM org.apache.catalina.core.StandardEngine startInternal
INFO: Starting Servlet Engine: Apache Tomcat/7.0.37
ноя 16, 2016 6:19:56 PM org.apache.catalina.startup.HostConfig deployDirectory
INFO: Deploying web application directory /Users/vadimdemeshyn/publicproject/VertexOOPMavenProject/web/tomcat/apache-tomcat-7.0.37/webapps/ROOT
ноя 16, 2016 6:19:56 PM org.apache.catalina.startup.HostConfig deployDirectory
INFO: Deploying web application directory /Users/vadimdemeshyn/publicproject/VertexOOPMavenProject/web/tomcat/apache-tomcat-7.0.37/webapps/testfolder
ноя 16, 2016 6:19:57 PM org.apache.coyote.AbstractProtocol start
INFO: Starting ProtocolHandler ["http-bio-8081"]
ноя 16, 2016 6:19:57 PM org.apache.coyote.AbstractProtocol start
INFO: Starting ProtocolHandler ["ajp-bio-8009"]
ноя 16, 2016 6:19:57 PM org.apache.catalina.startup.Catalina start
INFO: Server startup in 1283 ms
ноя 16, 2016 6:20:15 PM org.apache.catalina.core.StandardServer await
INFO: A valid shutdown command was received via the shutdown port. Stopping the Server instance.
ноя 16, 2016 6:20:15 PM org.apache.coyote.AbstractProtocol pause
INFO: Pausing ProtocolHandler ["http-bio-8081"]
ноя 16, 2016 6:20:15 PM org.apache.coyote.AbstractProtocol pause
INFO: Pausing ProtocolHandler ["ajp-bio-8009"]
ноя 16, 2016 6:20:15 PM org.apache.catalina.core.StandardService stopInternal
INFO: Stopping service Catalina
ноя 16, 2016 6:20:15 PM org.apache.coyote.AbstractProtocol stop
INFO: Stopping ProtocolHandler ["http-bio-8081"]
ноя 16, 2016 6:20:15 PM org.apache.coyote.AbstractProtocol stop
INFO: Stopping ProtocolHandler ["ajp-bio-8009"]
ноя 16, 2016 6:20:15 PM org.apache.coyote.AbstractProtocol destroy
INFO: Destroying ProtocolHandler ["http-bio-8081"]
ноя 16, 2016 6:20:15 PM org.apache.coyote.AbstractProtocol destroy
INFO: Destroying ProtocolHandler ["ajp-bio-8009"]
ноя 16, 2016 6:20:15 PM org.apache.catalina.core.AprLifecycleListener init
INFO: The APR based Apache Tomcat Native library which allows optimal performance in production environments was not found on the java.library.path: /Users/vadimdemeshyn/Library/Java/Extensions:/Library/Java/Extensions:/Network/Library/Java/Extensions:/System/Library/Java/Extensions:/usr/lib/java:.
ноя 16, 2016 6:20:15 PM org.apache.coyote.AbstractProtocol init
INFO: Initializing ProtocolHandler ["http-bio-8081"]
ноя 16, 2016 6:20:15 PM org.apache.coyote.AbstractProtocol init
INFO: Initializing ProtocolHandler ["ajp-bio-8009"]
ноя 16, 2016 6:20:15 PM org.apache.catalina.startup.Catalina load
INFO: Initialization processed in 614 ms
ноя 16, 2016 6:20:15 PM org.apache.catalina.core.StandardService startInternal
INFO: Starting service Catalina
ноя 16, 2016 6:20:15 PM org.apache.catalina.core.StandardEngine startInternal
INFO: Starting Servlet Engine: Apache Tomcat/7.0.37
ноя 16, 2016 6:20:15 PM org.apache.catalina.startup.HostConfig deployWAR
INFO: Deploying web application archive /Users/vadimdemeshyn/publicproject/VertexOOPMavenProject/web/tomcat/apache-tomcat-7.0.37/webapps/servlet-test.war
ноя 16, 2016 6:20:16 PM org.apache.catalina.loader.WebappClassLoader validateJarFile
INFO: validateJarFile(/Users/vadimdemeshyn/publicproject/VertexOOPMavenProject/web/tomcat/apache-tomcat-7.0.37/webapps/servlet-test/WEB-INF/lib/servlet-api-2.5.jar) - jar not loaded. See Servlet Spec 2.3, section 9.7.2. Offending class: javax/servlet/Servlet.class
ноя 16, 2016 6:20:16 PM org.apache.catalina.startup.HostConfig deployDirectory
INFO: Deploying web application directory /Users/vadimdemeshyn/publicproject/VertexOOPMavenProject/web/tomcat/apache-tomcat-7.0.37/webapps/ROOT
ноя 16, 2016 6:20:17 PM org.apache.catalina.startup.HostConfig deployDirectory
INFO: Deploying web application directory /Users/vadimdemeshyn/publicproject/VertexOOPMavenProject/web/tomcat/apache-tomcat-7.0.37/webapps/testfolder
ноя 16, 2016 6:20:17 PM org.apache.coyote.AbstractProtocol start
INFO: Starting ProtocolHandler ["http-bio-8081"]
ноя 16, 2016 6:20:17 PM org.apache.coyote.AbstractProtocol start
INFO: Starting ProtocolHandler ["ajp-bio-8009"]
ноя 16, 2016 6:20:17 PM org.apache.catalina.startup.Catalina start
INFO: Server startup in 2033 ms
ноя 16, 2016 6:20:48 PM org.apache.catalina.startup.HostConfig deleteRedeployResources
INFO: Undeploying context [/servlet-test]
ноя 16, 2016 6:21:08 PM org.apache.catalina.startup.HostConfig deployWAR
INFO: Deploying web application archive /Users/vadimdemeshyn/publicproject/VertexOOPMavenProject/web/tomcat/apache-tomcat-7.0.37/webapps/servlet-test.war
ноя 16, 2016 6:21:08 PM org.apache.catalina.loader.WebappClassLoader validateJarFile
INFO: validateJarFile(/Users/vadimdemeshyn/publicproject/VertexOOPMavenProject/web/tomcat/apache-tomcat-7.0.37/webapps/servlet-test/WEB-INF/lib/servlet-api-2.5.jar) - jar not loaded. See Servlet Spec 2.3, section 9.7.2. Offending class: javax/servlet/Servlet.class
ноя 16, 2016 6:21:14 PM org.apache.catalina.core.StandardServer await
INFO: A valid shutdown command was received via the shutdown port. Stopping the Server instance.
ноя 16, 2016 6:21:14 PM org.apache.coyote.AbstractProtocol pause
INFO: Pausing ProtocolHandler ["http-bio-8081"]
ноя 16, 2016 6:21:14 PM org.apache.coyote.AbstractProtocol pause
INFO: Pausing ProtocolHandler ["ajp-bio-8009"]
ноя 16, 2016 6:21:14 PM org.apache.catalina.core.StandardService stopInternal
INFO: Stopping service Catalina
ноя 16, 2016 6:21:14 PM org.apache.coyote.AbstractProtocol stop
INFO: Stopping ProtocolHandler ["http-bio-8081"]
ноя 16, 2016 6:21:14 PM org.apache.coyote.AbstractProtocol stop
INFO: Stopping ProtocolHandler ["ajp-bio-8009"]
ноя 16, 2016 6:21:14 PM org.apache.coyote.AbstractProtocol destroy
INFO: Destroying ProtocolHandler ["http-bio-8081"]
ноя 16, 2016 6:21:14 PM org.apache.coyote.AbstractProtocol destroy
INFO: Destroying ProtocolHandler ["ajp-bio-8009"]
ноя 16, 2016 6:21:14 PM org.apache.catalina.core.AprLifecycleListener init
INFO: The APR based Apache Tomcat Native library which allows optimal performance in production environments was not found on the java.library.path: /Users/vadimdemeshyn/Library/Java/Extensions:/Library/Java/Extensions:/Network/Library/Java/Extensions:/System/Library/Java/Extensions:/usr/lib/java:.
ноя 16, 2016 6:21:15 PM org.apache.coyote.AbstractProtocol init
INFO: Initializing ProtocolHandler ["http-bio-8081"]
ноя 16, 2016 6:21:15 PM org.apache.coyote.AbstractProtocol init
INFO: Initializing ProtocolHandler ["ajp-bio-8009"]
ноя 16, 2016 6:21:15 PM org.apache.catalina.startup.Catalina load
INFO: Initialization processed in 737 ms
ноя 16, 2016 6:21:15 PM org.apache.catalina.core.StandardService startInternal
INFO: Starting service Catalina
ноя 16, 2016 6:21:15 PM org.apache.catalina.core.StandardEngine startInternal
INFO: Starting Servlet Engine: Apache Tomcat/7.0.37
ноя 16, 2016 6:21:15 PM org.apache.catalina.startup.HostConfig deployWAR
INFO: Deploying web application archive /Users/vadimdemeshyn/publicproject/VertexOOPMavenProject/web/tomcat/apache-tomcat-7.0.37/webapps/servlet-test.war
ноя 16, 2016 6:21:15 PM org.apache.catalina.loader.WebappClassLoader validateJarFile
INFO: validateJarFile(/Users/vadimdemeshyn/publicproject/VertexOOPMavenProject/web/tomcat/apache-tomcat-7.0.37/webapps/servlet-test/WEB-INF/lib/servlet-api-2.5.jar) - jar not loaded. See Servlet Spec 2.3, section 9.7.2. Offending class: javax/servlet/Servlet.class
ноя 16, 2016 6:21:16 PM org.apache.catalina.startup.HostConfig deployDirectory
INFO: Deploying web application directory /Users/vadimdemeshyn/publicproject/VertexOOPMavenProject/web/tomcat/apache-tomcat-7.0.37/webapps/ROOT
ноя 16, 2016 6:21:16 PM org.apache.catalina.startup.HostConfig deployDirectory
INFO: Deploying web application directory /Users/vadimdemeshyn/publicproject/VertexOOPMavenProject/web/tomcat/apache-tomcat-7.0.37/webapps/testfolder
ноя 16, 2016 6:21:17 PM org.apache.coyote.AbstractProtocol start
INFO: Starting ProtocolHandler ["http-bio-8081"]
ноя 16, 2016 6:21:17 PM org.apache.coyote.AbstractProtocol start
INFO: Starting ProtocolHandler ["ajp-bio-8009"]
ноя 16, 2016 6:21:17 PM org.apache.catalina.startup.Catalina start
INFO: Server startup in 1948 ms
ноя 16, 2016 6:21:27 PM org.apache.catalina.startup.HostConfig deleteRedeployResources
INFO: Undeploying context [/servlet-test]
ноя 16, 2016 6:21:38 PM org.apache.catalina.startup.HostConfig deployWAR
INFO: Deploying web application archive /Users/vadimdemeshyn/publicproject/VertexOOPMavenProject/web/tomcat/apache-tomcat-7.0.37/webapps/servlet-test.war
ноя 16, 2016 6:21:38 PM org.apache.catalina.startup.ContextConfig init
SEVERE: Exception fixing docBase for context [/servlet-test]
java.util.zip.ZipException: zip file is empty
	at java.util.zip.ZipFile.open(Native Method)
	at java.util.zip.ZipFile.<init>(ZipFile.java:219)
	at java.util.zip.ZipFile.<init>(ZipFile.java:149)
	at java.util.jar.JarFile.<init>(JarFile.java:166)
	at java.util.jar.JarFile.<init>(JarFile.java:103)
	at sun.net.www.protocol.jar.URLJarFile.<init>(URLJarFile.java:93)
	at sun.net.www.protocol.jar.URLJarFile.getJarFile(URLJarFile.java:69)
	at sun.net.www.protocol.jar.JarFileFactory.get(JarFileFactory.java:99)
	at sun.net.www.protocol.jar.JarURLConnection.connect(JarURLConnection.java:122)
	at sun.net.www.protocol.jar.JarURLConnection.getJarFile(JarURLConnection.java:89)
	at org.apache.catalina.startup.ExpandWar.expand(ExpandWar.java:113)
	at org.apache.catalina.startup.ContextConfig.fixDocBase(ContextConfig.java:720)
	at org.apache.catalina.startup.ContextConfig.init(ContextConfig.java:843)
	at org.apache.catalina.startup.ContextConfig.lifecycleEvent(ContextConfig.java:387)
	at org.apache.catalina.util.LifecycleSupport.fireLifecycleEvent(LifecycleSupport.java:119)
	at org.apache.catalina.util.LifecycleBase.fireLifecycleEvent(LifecycleBase.java:90)
	at org.apache.catalina.util.LifecycleBase.setStateInternal(LifecycleBase.java:402)
	at org.apache.catalina.util.LifecycleBase.init(LifecycleBase.java:110)
	at org.apache.catalina.util.LifecycleBase.start(LifecycleBase.java:139)
	at org.apache.catalina.core.ContainerBase.addChildInternal(ContainerBase.java:901)
	at org.apache.catalina.core.ContainerBase.addChild(ContainerBase.java:877)
	at org.apache.catalina.core.StandardHost.addChild(StandardHost.java:633)
	at org.apache.catalina.startup.HostConfig.deployWAR(HostConfig.java:977)
	at org.apache.catalina.startup.HostConfig$DeployWar.run(HostConfig.java:1655)
	at java.util.concurrent.Executors$RunnableAdapter.call(Executors.java:511)
	at java.util.concurrent.FutureTask.run(FutureTask.java:266)
	at java.util.concurrent.ThreadPoolExecutor.runWorker(ThreadPoolExecutor.java:1142)
	at java.util.concurrent.ThreadPoolExecutor$Worker.run(ThreadPoolExecutor.java:617)
	at java.lang.Thread.run(Thread.java:745)

ноя 16, 2016 6:21:38 PM org.apache.catalina.core.StandardContext resourcesStart
SEVERE: Error starting static Resources
java.lang.IllegalArgumentException: Invalid or unreadable WAR file : zip file is empty
	at org.apache.naming.resources.WARDirContext.setDocBase(WARDirContext.java:138)
	at org.apache.catalina.core.StandardContext.resourcesStart(StandardContext.java:4912)
	at org.apache.catalina.core.StandardContext.startInternal(StandardContext.java:5092)
	at org.apache.catalina.util.LifecycleBase.start(LifecycleBase.java:150)
	at org.apache.catalina.core.ContainerBase.addChildInternal(ContainerBase.java:901)
	at org.apache.catalina.core.ContainerBase.addChild(ContainerBase.java:877)
	at org.apache.catalina.core.StandardHost.addChild(StandardHost.java:633)
	at org.apache.catalina.startup.HostConfig.deployWAR(HostConfig.java:977)
	at org.apache.catalina.startup.HostConfig$DeployWar.run(HostConfig.java:1655)
	at java.util.concurrent.Executors$RunnableAdapter.call(Executors.java:511)
	at java.util.concurrent.FutureTask.run(FutureTask.java:266)
	at java.util.concurrent.ThreadPoolExecutor.runWorker(ThreadPoolExecutor.java:1142)
	at java.util.concurrent.ThreadPoolExecutor$Worker.run(ThreadPoolExecutor.java:617)
	at java.lang.Thread.run(Thread.java:745)

ноя 16, 2016 6:21:38 PM org.apache.catalina.core.StandardContext startInternal
SEVERE: Error in resourceStart()
ноя 16, 2016 6:21:38 PM org.apache.catalina.core.StandardContext startInternal
SEVERE: Error getConfigured
ноя 16, 2016 6:21:38 PM org.apache.catalina.core.StandardContext startInternal
SEVERE: Context [/servlet-test] startup failed due to previous errors
ноя 16, 2016 10:54:04 PM org.apache.catalina.startup.HostConfig deleteRedeployResources
INFO: Undeploying context [/servlet-test]
ноя 16, 2016 10:54:44 PM org.apache.catalina.startup.HostConfig deployWAR
INFO: Deploying web application archive /Users/vadimdemeshyn/publicproject/VertexOOPMavenProject/web/tomcat/apache-tomcat-7.0.37/webapps/servlet-test.war
ноя 16, 2016 10:54:44 PM org.apache.catalina.loader.WebappClassLoader validateJarFile
INFO: validateJarFile(/Users/vadimdemeshyn/publicproject/VertexOOPMavenProject/web/tomcat/apache-tomcat-7.0.37/webapps/servlet-test/WEB-INF/lib/servlet-api-2.5.jar) - jar not loaded. See Servlet Spec 2.3, section 9.7.2. Offending class: javax/servlet/Servlet.class
ноя 16, 2016 10:55:20 PM org.apache.catalina.core.StandardServer await
INFO: A valid shutdown command was received via the shutdown port. Stopping the Server instance.
ноя 16, 2016 10:55:20 PM org.apache.coyote.AbstractProtocol pause
INFO: Pausing ProtocolHandler ["http-bio-8081"]
ноя 16, 2016 10:55:21 PM org.apache.coyote.AbstractProtocol pause
INFO: Pausing ProtocolHandler ["ajp-bio-8009"]
ноя 16, 2016 10:55:21 PM org.apache.catalina.core.StandardService stopInternal
INFO: Stopping service Catalina
ноя 16, 2016 10:55:21 PM org.apache.coyote.AbstractProtocol stop
INFO: Stopping ProtocolHandler ["http-bio-8081"]
ноя 16, 2016 10:55:21 PM org.apache.coyote.AbstractProtocol stop
INFO: Stopping ProtocolHandler ["ajp-bio-8009"]
ноя 16, 2016 10:55:21 PM org.apache.coyote.AbstractProtocol destroy
INFO: Destroying ProtocolHandler ["http-bio-8081"]
ноя 16, 2016 10:55:21 PM org.apache.coyote.AbstractProtocol destroy
INFO: Destroying ProtocolHandler ["ajp-bio-8009"]
ноя 16, 2016 10:55:21 PM org.apache.catalina.core.AprLifecycleListener init
INFO: The APR based Apache Tomcat Native library which allows optimal performance in production environments was not found on the java.library.path: /Users/vadimdemeshyn/Library/Java/Extensions:/Library/Java/Extensions:/Network/Library/Java/Extensions:/System/Library/Java/Extensions:/usr/lib/java:.
ноя 16, 2016 10:55:22 PM org.apache.coyote.AbstractProtocol init
INFO: Initializing ProtocolHandler ["http-bio-8081"]
ноя 16, 2016 10:55:22 PM org.apache.coyote.AbstractProtocol init
INFO: Initializing ProtocolHandler ["ajp-bio-8009"]
ноя 16, 2016 10:55:22 PM org.apache.catalina.startup.Catalina load
INFO: Initialization processed in 851 ms
ноя 16, 2016 10:55:22 PM org.apache.catalina.core.StandardService startInternal
INFO: Starting service Catalina
ноя 16, 2016 10:55:22 PM org.apache.catalina.core.StandardEngine startInternal
INFO: Starting Servlet Engine: Apache Tomcat/7.0.37
ноя 16, 2016 10:55:22 PM org.apache.catalina.startup.HostConfig deployWAR
INFO: Deploying web application archive /Users/vadimdemeshyn/publicproject/VertexOOPMavenProject/web/tomcat/apache-tomcat-7.0.37/webapps/servlet-test.war
ноя 16, 2016 10:55:22 PM org.apache.catalina.loader.WebappClassLoader validateJarFile
INFO: validateJarFile(/Users/vadimdemeshyn/publicproject/VertexOOPMavenProject/web/tomcat/apache-tomcat-7.0.37/webapps/servlet-test/WEB-INF/lib/servlet-api-2.5.jar) - jar not loaded. See Servlet Spec 2.3, section 9.7.2. Offending class: javax/servlet/Servlet.class
ноя 16, 2016 10:55:23 PM org.apache.catalina.startup.HostConfig deployDirectory
INFO: Deploying web application directory /Users/vadimdemeshyn/publicproject/VertexOOPMavenProject/web/tomcat/apache-tomcat-7.0.37/webapps/ROOT
ноя 16, 2016 10:55:23 PM org.apache.catalina.startup.HostConfig deployDirectory
INFO: Deploying web application directory /Users/vadimdemeshyn/publicproject/VertexOOPMavenProject/web/tomcat/apache-tomcat-7.0.37/webapps/testfolder
ноя 16, 2016 10:55:24 PM org.apache.coyote.AbstractProtocol start
INFO: Starting ProtocolHandler ["http-bio-8081"]
ноя 16, 2016 10:55:24 PM org.apache.coyote.AbstractProtocol start
INFO: Starting ProtocolHandler ["ajp-bio-8009"]
ноя 16, 2016 10:55:24 PM org.apache.catalina.startup.Catalina start
INFO: Server startup in 2133 ms
